Performing C SOURCE FILE Test CMAKE_HAVE_LIBC_PTHREAD failed with the following output:
Change Dir: /home/darisishe/Рабочий стол/contest/build/Release/CMakeFiles/CMakeTmp

Run Build Command(s):/usr/bin/make cmTC_ace0e/fast && /usr/bin/make -f CMakeFiles/cmTC_ace0e.dir/build.make CMakeFiles/cmTC_ace0e.dir/build
make[1]: вход в каталог «/home/darisishe/Рабочий стол/contest/build/Release/CMakeFiles/CMakeTmp»
Building C object CMakeFiles/cmTC_ace0e.dir/src.c.o
/usr/bin/gcc   -DCMAKE_HAVE_LIBC_PTHREAD   -o CMakeFiles/cmTC_ace0e.dir/src.c.o   -c "/home/darisishe/Рабочий стол/contest/build/Release/CMakeFiles/CMakeTmp/src.c"
Linking C executable cmTC_ace0e
/usr/bin/cmake -E cmake_link_script CMakeFiles/cmTC_ace0e.dir/link.txt --verbose=1
/usr/bin/gcc  -DCMAKE_HAVE_LIBC_PTHREAD    CMakeFiles/cmTC_ace0e.dir/src.c.o  -o cmTC_ace0e 
/usr/bin/ld: CMakeFiles/cmTC_ace0e.dir/src.c.o: в функции «main»:
src.c:(.text+0x46): неопределённая ссылка на «pthread_create»
/usr/bin/ld: src.c:(.text+0x52): неопределённая ссылка на «pthread_detach»
/usr/bin/ld: src.c:(.text+0x63): неопределённая ссылка на «pthread_join»
collect2: error: ld returned 1 exit status
make[1]: *** [CMakeFiles/cmTC_ace0e.dir/build.make:87: cmTC_ace0e] Ошибка 1
make[1]: выход из каталога «/home/darisishe/Рабочий стол/contest/build/Release/CMakeFiles/CMakeTmp»
make: *** [Makefile:121: cmTC_ace0e/fast] Ошибка 2


Source file was:
#include <pthread.h>

void* test_func(void* data)
{
  return data;
}

int main(void)
{
  pthread_t thread;
  pthread_create(&thread, NULL, test_func, NULL);
  pthread_detach(thread);
  pthread_join(thread, NULL);
  pthread_atfork(NULL, NULL, NULL);
  pthread_exit(NULL);

  return 0;
}

Determining if the function pthread_create exists in the pthreads failed with the following output:
Change Dir: /home/darisishe/Рабочий стол/contest/build/Release/CMakeFiles/CMakeTmp

Run Build Command(s):/usr/bin/make cmTC_31917/fast && /usr/bin/make -f CMakeFiles/cmTC_31917.dir/build.make CMakeFiles/cmTC_31917.dir/build
make[1]: вход в каталог «/home/darisishe/Рабочий стол/contest/build/Release/CMakeFiles/CMakeTmp»
Building C object CMakeFiles/cmTC_31917.dir/CheckFunctionExists.c.o
/usr/bin/gcc   -DCHECK_FUNCTION_EXISTS=pthread_create   -o CMakeFiles/cmTC_31917.dir/CheckFunctionExists.c.o   -c /usr/share/cmake-3.16/Modules/CheckFunctionExists.c
Linking C executable cmTC_31917
/usr/bin/cmake -E cmake_link_script CMakeFiles/cmTC_31917.dir/link.txt --verbose=1
/usr/bin/gcc  -DCHECK_FUNCTION_EXISTS=pthread_create    CMakeFiles/cmTC_31917.dir/CheckFunctionExists.c.o  -o cmTC_31917  -lpthreads 
/usr/bin/ld: невозможно найти -lpthreads
collect2: error: ld returned 1 exit status
make[1]: *** [CMakeFiles/cmTC_31917.dir/build.make:87: cmTC_31917] Ошибка 1
make[1]: выход из каталога «/home/darisishe/Рабочий стол/contest/build/Release/CMakeFiles/CMakeTmp»
make: *** [Makefile:121: cmTC_31917/fast] Ошибка 2



Performing C++ SOURCE FILE Test HAVE_CXX_FLAG_WSHORTEN_64_TO_32 failed with the following output:
Change Dir: /home/darisishe/Рабочий стол/contest/build/Release/CMakeFiles/CMakeTmp

Run Build Command(s):/usr/bin/make cmTC_15f18/fast && /usr/bin/make -f CMakeFiles/cmTC_15f18.dir/build.make CMakeFiles/cmTC_15f18.dir/build
make[1]: Entering directory '/home/darisishe/Рабочий стол/contest/build/Release/CMakeFiles/CMakeTmp'
Building CXX object CMakeFiles/cmTC_15f18.dir/src.cxx.o
/usr/bin/g++    -Wall  -Wextra  -Wshadow  -Wfloat-equal  -Wold-style-cast  -Werror  -pedantic  -pedantic-errors -DHAVE_CXX_FLAG_WSHORTEN_64_TO_32  -Wshorten-64-to-32   -Wshorten-64-to-32 -std=c++11 -o CMakeFiles/cmTC_15f18.dir/src.cxx.o -c "/home/darisishe/Рабочий стол/contest/build/Release/CMakeFiles/CMakeTmp/src.cxx"
g++: error: unrecognized command line option '-Wshorten-64-to-32'
g++: error: unrecognized command line option '-Wshorten-64-to-32'
make[1]: *** [CMakeFiles/cmTC_15f18.dir/build.make:66: CMakeFiles/cmTC_15f18.dir/src.cxx.o] Error 1
make[1]: Leaving directory '/home/darisishe/Рабочий стол/contest/build/Release/CMakeFiles/CMakeTmp'
make: *** [Makefile:121: cmTC_15f18/fast] Error 2


Source file was:
int main() { return 0; }
Performing C++ SOURCE FILE Test HAVE_CXX_FLAG_WD654 failed with the following output:
Change Dir: /home/darisishe/Рабочий стол/contest/build/Release/CMakeFiles/CMakeTmp

Run Build Command(s):/usr/bin/make cmTC_266ff/fast && /usr/bin/make -f CMakeFiles/cmTC_266ff.dir/build.make CMakeFiles/cmTC_266ff.dir/build
make[1]: Entering directory '/home/darisishe/Рабочий стол/contest/build/Release/CMakeFiles/CMakeTmp'
Building CXX object CMakeFiles/cmTC_266ff.dir/src.cxx.o
/usr/bin/g++    -Wall  -Wextra  -Wshadow  -Wfloat-equal  -Wold-style-cast  -Werror  -pedantic  -pedantic-errors  -fstrict-aliasing  -Wno-deprecated-declarations  -Wno-deprecated  -Wstrict-aliasing -DHAVE_CXX_FLAG_WD654  -wd654   -wd654 -std=c++11 -o CMakeFiles/cmTC_266ff.dir/src.cxx.o -c "/home/darisishe/Рабочий стол/contest/build/Release/CMakeFiles/CMakeTmp/src.cxx"
g++: error: unrecognized command line option '-wd654'
g++: error: unrecognized command line option '-wd654'
make[1]: *** [CMakeFiles/cmTC_266ff.dir/build.make:66: CMakeFiles/cmTC_266ff.dir/src.cxx.o] Error 1
make[1]: Leaving directory '/home/darisishe/Рабочий стол/contest/build/Release/CMakeFiles/CMakeTmp'
make: *** [Makefile:121: cmTC_266ff/fast] Error 2


Source file was:
int main() { return 0; }
Performing C++ SOURCE FILE Test HAVE_CXX_FLAG_WTHREAD_SAFETY failed with the following output:
Change Dir: /home/darisishe/Рабочий стол/contest/build/Release/CMakeFiles/CMakeTmp

Run Build Command(s):/usr/bin/make cmTC_be478/fast && /usr/bin/make -f CMakeFiles/cmTC_be478.dir/build.make CMakeFiles/cmTC_be478.dir/build
make[1]: Entering directory '/home/darisishe/Рабочий стол/contest/build/Release/CMakeFiles/CMakeTmp'
Building CXX object CMakeFiles/cmTC_be478.dir/src.cxx.o
/usr/bin/g++    -Wall  -Wextra  -Wshadow  -Wfloat-equal  -Wold-style-cast  -Werror  -pedantic  -pedantic-errors  -fstrict-aliasing  -Wno-deprecated-declarations  -Wno-deprecated  -Wstrict-aliasing -DHAVE_CXX_FLAG_WTHREAD_SAFETY  -Wthread-safety   -Wthread-safety -std=c++11 -o CMakeFiles/cmTC_be478.dir/src.cxx.o -c "/home/darisishe/Рабочий стол/contest/build/Release/CMakeFiles/CMakeTmp/src.cxx"
g++: error: unrecognized command line option '-Wthread-safety'
g++: error: unrecognized command line option '-Wthread-safety'
make[1]: *** [CMakeFiles/cmTC_be478.dir/build.make:66: CMakeFiles/cmTC_be478.dir/src.cxx.o] Error 1
make[1]: Leaving directory '/home/darisishe/Рабочий стол/contest/build/Release/CMakeFiles/CMakeTmp'
make: *** [Makefile:121: cmTC_be478/fast] Error 2


Source file was:
int main() { return 0; }
