The system is: Linux - 5.15.0-86-generic - x86_64
Compiling the C compiler identification source file "CMakeCCompilerId.c" succeeded.
Compiler: /usr/bin/gcc 
Build flags: 
Id flags:  

The output was:
0


Compilation of the C compiler identification source "CMakeCCompilerId.c" produced "a.out"

The C compiler identification is GNU, found in "/home/darisishe/Рабочий стол/contest/build/Release/CMakeFiles/3.16.3/CompilerIdC/a.out"

Compiling the CXX compiler identification source file "CMakeCXXCompilerId.cpp" succeeded.
Compiler: /usr/bin/g++ 
Build flags: 
Id flags:  

The output was:
0


Compilation of the CXX compiler identification source "CMakeCXXCompilerId.cpp" produced "a.out"

The CXX compiler identification is GNU, found in "/home/darisishe/Рабочий стол/contest/build/Release/CMakeFiles/3.16.3/CompilerIdCXX/a.out"

Determining if the C compiler works passed with the following output:
Change Dir: /home/darisishe/Рабочий стол/contest/build/Release/CMakeFiles/CMakeTmp

Run Build Command(s):/usr/bin/make cmTC_08853/fast && /usr/bin/make -f CMakeFiles/cmTC_08853.dir/build.make CMakeFiles/cmTC_08853.dir/build
make[1]: вход в каталог «/home/darisishe/Рабочий стол/contest/build/Release/CMakeFiles/CMakeTmp»
Building C object CMakeFiles/cmTC_08853.dir/testCCompiler.c.o
/usr/bin/gcc    -o CMakeFiles/cmTC_08853.dir/testCCompiler.c.o   -c "/home/darisishe/Рабочий стол/contest/build/Release/CMakeFiles/CMakeTmp/testCCompiler.c"
Linking C executable cmTC_08853
/usr/bin/cmake -E cmake_link_script CMakeFiles/cmTC_08853.dir/link.txt --verbose=1
/usr/bin/gcc      CMakeFiles/cmTC_08853.dir/testCCompiler.c.o  -o cmTC_08853 
make[1]: выход из каталога «/home/darisishe/Рабочий стол/contest/build/Release/CMakeFiles/CMakeTmp»



Detecting C compiler ABI info compiled with the following output:
Change Dir: /home/darisishe/Рабочий стол/contest/build/Release/CMakeFiles/CMakeTmp

Run Build Command(s):/usr/bin/make cmTC_ff801/fast && /usr/bin/make -f CMakeFiles/cmTC_ff801.dir/build.make CMakeFiles/cmTC_ff801.dir/build
make[1]: Entering directory '/home/darisishe/Рабочий стол/contest/build/Release/CMakeFiles/CMakeTmp'
Building C object CMakeFiles/cmTC_ff801.dir/CMakeCCompilerABI.c.o
/usr/bin/gcc   -v -o CMakeFiles/cmTC_ff801.dir/CMakeCCompilerABI.c.o   -c /usr/share/cmake-3.16/Modules/CMakeCCompilerABI.c
Using built-in specs.
COLLECT_GCC=/usr/bin/gcc
OFFLOAD_TARGET_NAMES=nvptx-none:hsa
OFFLOAD_TARGET_DEFAULT=1
Target: x86_64-linux-gnu
Configured with: ../src/configure -v --with-pkgversion='Ubuntu 9.4.0-1ubuntu1~20.04.2' --with-bugurl=file:///usr/share/doc/gcc-9/README.Bugs --enable-languages=c,ada,c++,go,brig,d,fortran,objc,obj-c++,gm2 --prefix=/usr --with-gcc-major-version-only --program-suffix=-9 --program-prefix=x86_64-linux-gnu- --enable-shared --enable-linker-build-id --libexecdir=/usr/lib --without-included-gettext --enable-threads=posix --libdir=/usr/lib --enable-nls --enable-clocale=gnu --enable-libstdcxx-debug --enable-libstdcxx-time=yes --with-default-libstdcxx-abi=new --enable-gnu-unique-object --disable-vtable-verify --enable-plugin --enable-default-pie --with-system-zlib --with-target-system-zlib=auto --enable-objc-gc=auto --enable-multiarch --disable-werror --with-arch-32=i686 --with-abi=m64 --with-multilib-list=m32,m64,mx32 --enable-multilib --with-tune=generic --enable-offload-targets=nvptx-none=/build/gcc-9-9QDOt0/gcc-9-9.4.0/debian/tmp-nvptx/usr,hsa --without-cuda-driver --enable-checking=release --build=x86_64-linux-gnu --host=x86_64-linux-gnu --target=x86_64-linux-gnu
Thread model: posix
gcc version 9.4.0 (Ubuntu 9.4.0-1ubuntu1~20.04.2) 
COLLECT_GCC_OPTIONS='-v' '-o' 'CMakeFiles/cmTC_ff801.dir/CMakeCCompilerABI.c.o' '-c' '-mtune=generic' '-march=x86-64'
 /usr/lib/gcc/x86_64-linux-gnu/9/cc1 -quiet -v -imultiarch x86_64-linux-gnu /usr/share/cmake-3.16/Modules/CMakeCCompilerABI.c -quiet -dumpbase CMakeCCompilerABI.c -mtune=generic -march=x86-64 -auxbase-strip CMakeFiles/cmTC_ff801.dir/CMakeCCompilerABI.c.o -version -fasynchronous-unwind-tables -fstack-protector-strong -Wformat -Wformat-security -fstack-clash-protection -fcf-protection -o /tmp/cc2uzMjp.s
GNU C17 (Ubuntu 9.4.0-1ubuntu1~20.04.2) version 9.4.0 (x86_64-linux-gnu)
	compiled by GNU C version 9.4.0, GMP version 6.2.0, MPFR version 4.0.2, MPC version 1.1.0, isl version isl-0.22.1-GMP

GGC heuristics: --param ggc-min-expand=100 --param ggc-min-heapsize=131072
ignoring nonexistent directory "/usr/local/include/x86_64-linux-gnu"
ignoring nonexistent directory "/usr/lib/gcc/x86_64-linux-gnu/9/include-fixed"
ignoring nonexistent directory "/usr/lib/gcc/x86_64-linux-gnu/9/../../../../x86_64-linux-gnu/include"
#include "..." search starts here:
#include <...> search starts here:
 /usr/lib/gcc/x86_64-linux-gnu/9/include
 /usr/local/include
 /usr/include/x86_64-linux-gnu
 /usr/include
End of search list.
GNU C17 (Ubuntu 9.4.0-1ubuntu1~20.04.2) version 9.4.0 (x86_64-linux-gnu)
	compiled by GNU C version 9.4.0, GMP version 6.2.0, MPFR version 4.0.2, MPC version 1.1.0, isl version isl-0.22.1-GMP

GGC heuristics: --param ggc-min-expand=100 --param ggc-min-heapsize=131072
Compiler executable checksum: 01da938ff5dc2163489aa33cb3b747a7
COLLECT_GCC_OPTIONS='-v' '-o' 'CMakeFiles/cmTC_ff801.dir/CMakeCCompilerABI.c.o' '-c' '-mtune=generic' '-march=x86-64'
 as -v --64 -o CMakeFiles/cmTC_ff801.dir/CMakeCCompilerABI.c.o /tmp/cc2uzMjp.s
GNU assembler version 2.34 (x86_64-linux-gnu) using BFD version (GNU Binutils for Ubuntu) 2.34
COMPILER_PATH=/usr/lib/gcc/x86_64-linux-gnu/9/:/usr/lib/gcc/x86_64-linux-gnu/9/:/usr/lib/gcc/x86_64-linux-gnu/:/usr/lib/gcc/x86_64-linux-gnu/9/:/usr/lib/gcc/x86_64-linux-gnu/
LIBRARY_PATH=/usr/lib/gcc/x86_64-linux-gnu/9/:/usr/lib/gcc/x86_64-linux-gnu/9/../../../x86_64-linux-gnu/:/usr/lib/gcc/x86_64-linux-gnu/9/../../../../lib/:/lib/x86_64-linux-gnu/:/lib/../lib/:/usr/lib/x86_64-linux-gnu/:/usr/lib/../lib/:/usr/lib/gcc/x86_64-linux-gnu/9/../../../:/lib/:/usr/lib/
COLLECT_GCC_OPTIONS='-v' '-o' 'CMakeFiles/cmTC_ff801.dir/CMakeCCompilerABI.c.o' '-c' '-mtune=generic' '-march=x86-64'
Linking C executable cmTC_ff801
/usr/bin/cmake -E cmake_link_script CMakeFiles/cmTC_ff801.dir/link.txt --verbose=1
/usr/bin/gcc     -v CMakeFiles/cmTC_ff801.dir/CMakeCCompilerABI.c.o  -o cmTC_ff801 
Using built-in specs.
COLLECT_GCC=/usr/bin/gcc
COLLECT_LTO_WRAPPER=/usr/lib/gcc/x86_64-linux-gnu/9/lto-wrapper
OFFLOAD_TARGET_NAMES=nvptx-none:hsa
OFFLOAD_TARGET_DEFAULT=1
Target: x86_64-linux-gnu
Configured with: ../src/configure -v --with-pkgversion='Ubuntu 9.4.0-1ubuntu1~20.04.2' --with-bugurl=file:///usr/share/doc/gcc-9/README.Bugs --enable-languages=c,ada,c++,go,brig,d,fortran,objc,obj-c++,gm2 --prefix=/usr --with-gcc-major-version-only --program-suffix=-9 --program-prefix=x86_64-linux-gnu- --enable-shared --enable-linker-build-id --libexecdir=/usr/lib --without-included-gettext --enable-threads=posix --libdir=/usr/lib --enable-nls --enable-clocale=gnu --enable-libstdcxx-debug --enable-libstdcxx-time=yes --with-default-libstdcxx-abi=new --enable-gnu-unique-object --disable-vtable-verify --enable-plugin --enable-default-pie --with-system-zlib --with-target-system-zlib=auto --enable-objc-gc=auto --enable-multiarch --disable-werror --with-arch-32=i686 --with-abi=m64 --with-multilib-list=m32,m64,mx32 --enable-multilib --with-tune=generic --enable-offload-targets=nvptx-none=/build/gcc-9-9QDOt0/gcc-9-9.4.0/debian/tmp-nvptx/usr,hsa --without-cuda-driver --enable-checking=release --build=x86_64-linux-gnu --host=x86_64-linux-gnu --target=x86_64-linux-gnu
Thread model: posix
gcc version 9.4.0 (Ubuntu 9.4.0-1ubuntu1~20.04.2) 
COMPILER_PATH=/usr/lib/gcc/x86_64-linux-gnu/9/:/usr/lib/gcc/x86_64-linux-gnu/9/:/usr/lib/gcc/x86_64-linux-gnu/:/usr/lib/gcc/x86_64-linux-gnu/9/:/usr/lib/gcc/x86_64-linux-gnu/
LIBRARY_PATH=/usr/lib/gcc/x86_64-linux-gnu/9/:/usr/lib/gcc/x86_64-linux-gnu/9/../../../x86_64-linux-gnu/:/usr/lib/gcc/x86_64-linux-gnu/9/../../../../lib/:/lib/x86_64-linux-gnu/:/lib/../lib/:/usr/lib/x86_64-linux-gnu/:/usr/lib/../lib/:/usr/lib/gcc/x86_64-linux-gnu/9/../../../:/lib/:/usr/lib/
COLLECT_GCC_OPTIONS='-v' '-o' 'cmTC_ff801' '-mtune=generic' '-march=x86-64'
 /usr/lib/gcc/x86_64-linux-gnu/9/collect2 -plugin /usr/lib/gcc/x86_64-linux-gnu/9/liblto_plugin.so -plugin-opt=/usr/lib/gcc/x86_64-linux-gnu/9/lto-wrapper -plugin-opt=-fresolution=/tmp/ccICDaYQ.res -plugin-opt=-pass-through=-lgcc -plugin-opt=-pass-through=-lgcc_s -plugin-opt=-pass-through=-lc -plugin-opt=-pass-through=-lgcc -plugin-opt=-pass-through=-lgcc_s --build-id --eh-frame-hdr -m elf_x86_64 --hash-style=gnu --as-needed -dynamic-linker /lib64/ld-linux-x86-64.so.2 -pie -z now -z relro -o cmTC_ff801 /usr/lib/gcc/x86_64-linux-gnu/9/../../../x86_64-linux-gnu/Scrt1.o /usr/lib/gcc/x86_64-linux-gnu/9/../../../x86_64-linux-gnu/crti.o /usr/lib/gcc/x86_64-linux-gnu/9/crtbeginS.o -L/usr/lib/gcc/x86_64-linux-gnu/9 -L/usr/lib/gcc/x86_64-linux-gnu/9/../../../x86_64-linux-gnu -L/usr/lib/gcc/x86_64-linux-gnu/9/../../../../lib -L/lib/x86_64-linux-gnu -L/lib/../lib -L/usr/lib/x86_64-linux-gnu -L/usr/lib/../lib -L/usr/lib/gcc/x86_64-linux-gnu/9/../../.. CMakeFiles/cmTC_ff801.dir/CMakeCCompilerABI.c.o -lgcc --push-state --as-needed -lgcc_s --pop-state -lc -lgcc --push-state --as-needed -lgcc_s --pop-state /usr/lib/gcc/x86_64-linux-gnu/9/crtendS.o /usr/lib/gcc/x86_64-linux-gnu/9/../../../x86_64-linux-gnu/crtn.o
COLLECT_GCC_OPTIONS='-v' '-o' 'cmTC_ff801' '-mtune=generic' '-march=x86-64'
make[1]: Leaving directory '/home/darisishe/Рабочий стол/contest/build/Release/CMakeFiles/CMakeTmp'



Parsed C implicit include dir info from above output: rv=done
  found start of include info
  found start of implicit include info
    add: [/usr/lib/gcc/x86_64-linux-gnu/9/include]
    add: [/usr/local/include]
    add: [/usr/include/x86_64-linux-gnu]
    add: [/usr/include]
  end of search list found
  collapse include dir [/usr/lib/gcc/x86_64-linux-gnu/9/include] ==> [/usr/lib/gcc/x86_64-linux-gnu/9/include]
  collapse include dir [/usr/local/include] ==> [/usr/local/include]
  collapse include dir [/usr/include/x86_64-linux-gnu] ==> [/usr/include/x86_64-linux-gnu]
  collapse include dir [/usr/include] ==> [/usr/include]
  implicit include dirs: [/usr/lib/gcc/x86_64-linux-gnu/9/include;/usr/local/include;/usr/include/x86_64-linux-gnu;/usr/include]


Parsed C implicit link information from above output:
  link line regex: [^( *|.*[/\])(ld|CMAKE_LINK_STARTFILE-NOTFOUND|([^/\]+-)?ld|collect2)[^/\]*( |$)]
  ignore line: [Change Dir: /home/darisishe/Рабочий стол/contest/build/Release/CMakeFiles/CMakeTmp]
  ignore line: []
  ignore line: [Run Build Command(s):/usr/bin/make cmTC_ff801/fast && /usr/bin/make -f CMakeFiles/cmTC_ff801.dir/build.make CMakeFiles/cmTC_ff801.dir/build]
  ignore line: [make[1]: Entering directory '/home/darisishe/Рабочий стол/contest/build/Release/CMakeFiles/CMakeTmp']
  ignore line: [Building C object CMakeFiles/cmTC_ff801.dir/CMakeCCompilerABI.c.o]
  ignore line: [/usr/bin/gcc   -v -o CMakeFiles/cmTC_ff801.dir/CMakeCCompilerABI.c.o   -c /usr/share/cmake-3.16/Modules/CMakeCCompilerABI.c]
  ignore line: [Using built-in specs.]
  ignore line: [COLLECT_GCC=/usr/bin/gcc]
  ignore line: [OFFLOAD_TARGET_NAMES=nvptx-none:hsa]
  ignore line: [OFFLOAD_TARGET_DEFAULT=1]
  ignore line: [Target: x86_64-linux-gnu]
  ignore line: [Configured with: ../src/configure -v --with-pkgversion='Ubuntu 9.4.0-1ubuntu1~20.04.2' --with-bugurl=file:///usr/share/doc/gcc-9/README.Bugs --enable-languages=c ada c++ go brig d fortran objc obj-c++ gm2 --prefix=/usr --with-gcc-major-version-only --program-suffix=-9 --program-prefix=x86_64-linux-gnu- --enable-shared --enable-linker-build-id --libexecdir=/usr/lib --without-included-gettext --enable-threads=posix --libdir=/usr/lib --enable-nls --enable-clocale=gnu --enable-libstdcxx-debug --enable-libstdcxx-time=yes --with-default-libstdcxx-abi=new --enable-gnu-unique-object --disable-vtable-verify --enable-plugin --enable-default-pie --with-system-zlib --with-target-system-zlib=auto --enable-objc-gc=auto --enable-multiarch --disable-werror --with-arch-32=i686 --with-abi=m64 --with-multilib-list=m32 m64 mx32 --enable-multilib --with-tune=generic --enable-offload-targets=nvptx-none=/build/gcc-9-9QDOt0/gcc-9-9.4.0/debian/tmp-nvptx/usr hsa --without-cuda-driver --enable-checking=release --build=x86_64-linux-gnu --host=x86_64-linux-gnu --target=x86_64-linux-gnu]
  ignore line: [Thread model: posix]
  ignore line: [gcc version 9.4.0 (Ubuntu 9.4.0-1ubuntu1~20.04.2) ]
  ignore line: [COLLECT_GCC_OPTIONS='-v' '-o' 'CMakeFiles/cmTC_ff801.dir/CMakeCCompilerABI.c.o' '-c' '-mtune=generic' '-march=x86-64']
  ignore line: [ /usr/lib/gcc/x86_64-linux-gnu/9/cc1 -quiet -v -imultiarch x86_64-linux-gnu /usr/share/cmake-3.16/Modules/CMakeCCompilerABI.c -quiet -dumpbase CMakeCCompilerABI.c -mtune=generic -march=x86-64 -auxbase-strip CMakeFiles/cmTC_ff801.dir/CMakeCCompilerABI.c.o -version -fasynchronous-unwind-tables -fstack-protector-strong -Wformat -Wformat-security -fstack-clash-protection -fcf-protection -o /tmp/cc2uzMjp.s]
  ignore line: [GNU C17 (Ubuntu 9.4.0-1ubuntu1~20.04.2) version 9.4.0 (x86_64-linux-gnu)]
  ignore line: [	compiled by GNU C version 9.4.0  GMP version 6.2.0  MPFR version 4.0.2  MPC version 1.1.0  isl version isl-0.22.1-GMP]
  ignore line: []
  ignore line: [GGC heuristics: --param ggc-min-expand=100 --param ggc-min-heapsize=131072]
  ignore line: [ignoring nonexistent directory "/usr/local/include/x86_64-linux-gnu"]
  ignore line: [ignoring nonexistent directory "/usr/lib/gcc/x86_64-linux-gnu/9/include-fixed"]
  ignore line: [ignoring nonexistent directory "/usr/lib/gcc/x86_64-linux-gnu/9/../../../../x86_64-linux-gnu/include"]
  ignore line: [#include "..." search starts here:]
  ignore line: [#include <...> search starts here:]
  ignore line: [ /usr/lib/gcc/x86_64-linux-gnu/9/include]
  ignore line: [ /usr/local/include]
  ignore line: [ /usr/include/x86_64-linux-gnu]
  ignore line: [ /usr/include]
  ignore line: [End of search list.]
  ignore line: [GNU C17 (Ubuntu 9.4.0-1ubuntu1~20.04.2) version 9.4.0 (x86_64-linux-gnu)]
  ignore line: [	compiled by GNU C version 9.4.0  GMP version 6.2.0  MPFR version 4.0.2  MPC version 1.1.0  isl version isl-0.22.1-GMP]
  ignore line: []
  ignore line: [GGC heuristics: --param ggc-min-expand=100 --param ggc-min-heapsize=131072]
  ignore line: [Compiler executable checksum: 01da938ff5dc2163489aa33cb3b747a7]
  ignore line: [COLLECT_GCC_OPTIONS='-v' '-o' 'CMakeFiles/cmTC_ff801.dir/CMakeCCompilerABI.c.o' '-c' '-mtune=generic' '-march=x86-64']
  ignore line: [ as -v --64 -o CMakeFiles/cmTC_ff801.dir/CMakeCCompilerABI.c.o /tmp/cc2uzMjp.s]
  ignore line: [GNU assembler version 2.34 (x86_64-linux-gnu) using BFD version (GNU Binutils for Ubuntu) 2.34]
  ignore line: [COMPILER_PATH=/usr/lib/gcc/x86_64-linux-gnu/9/:/usr/lib/gcc/x86_64-linux-gnu/9/:/usr/lib/gcc/x86_64-linux-gnu/:/usr/lib/gcc/x86_64-linux-gnu/9/:/usr/lib/gcc/x86_64-linux-gnu/]
  ignore line: [LIBRARY_PATH=/usr/lib/gcc/x86_64-linux-gnu/9/:/usr/lib/gcc/x86_64-linux-gnu/9/../../../x86_64-linux-gnu/:/usr/lib/gcc/x86_64-linux-gnu/9/../../../../lib/:/lib/x86_64-linux-gnu/:/lib/../lib/:/usr/lib/x86_64-linux-gnu/:/usr/lib/../lib/:/usr/lib/gcc/x86_64-linux-gnu/9/../../../:/lib/:/usr/lib/]
  ignore line: [COLLECT_GCC_OPTIONS='-v' '-o' 'CMakeFiles/cmTC_ff801.dir/CMakeCCompilerABI.c.o' '-c' '-mtune=generic' '-march=x86-64']
  ignore line: [Linking C executable cmTC_ff801]
  ignore line: [/usr/bin/cmake -E cmake_link_script CMakeFiles/cmTC_ff801.dir/link.txt --verbose=1]
  ignore line: [/usr/bin/gcc     -v CMakeFiles/cmTC_ff801.dir/CMakeCCompilerABI.c.o  -o cmTC_ff801 ]
  ignore line: [Using built-in specs.]
  ignore line: [COLLECT_GCC=/usr/bin/gcc]
  ignore line: [COLLECT_LTO_WRAPPER=/usr/lib/gcc/x86_64-linux-gnu/9/lto-wrapper]
  ignore line: [OFFLOAD_TARGET_NAMES=nvptx-none:hsa]
  ignore line: [OFFLOAD_TARGET_DEFAULT=1]
  ignore line: [Target: x86_64-linux-gnu]
  ignore line: [Configured with: ../src/configure -v --with-pkgversion='Ubuntu 9.4.0-1ubuntu1~20.04.2' --with-bugurl=file:///usr/share/doc/gcc-9/README.Bugs --enable-languages=c ada c++ go brig d fortran objc obj-c++ gm2 --prefix=/usr --with-gcc-major-version-only --program-suffix=-9 --program-prefix=x86_64-linux-gnu- --enable-shared --enable-linker-build-id --libexecdir=/usr/lib --without-included-gettext --enable-threads=posix --libdir=/usr/lib --enable-nls --enable-clocale=gnu --enable-libstdcxx-debug --enable-libstdcxx-time=yes --with-default-libstdcxx-abi=new --enable-gnu-unique-object --disable-vtable-verify --enable-plugin --enable-default-pie --with-system-zlib --with-target-system-zlib=auto --enable-objc-gc=auto --enable-multiarch --disable-werror --with-arch-32=i686 --with-abi=m64 --with-multilib-list=m32 m64 mx32 --enable-multilib --with-tune=generic --enable-offload-targets=nvptx-none=/build/gcc-9-9QDOt0/gcc-9-9.4.0/debian/tmp-nvptx/usr hsa --without-cuda-driver --enable-checking=release --build=x86_64-linux-gnu --host=x86_64-linux-gnu --target=x86_64-linux-gnu]
  ignore line: [Thread model: posix]
  ignore line: [gcc version 9.4.0 (Ubuntu 9.4.0-1ubuntu1~20.04.2) ]
  ignore line: [COMPILER_PATH=/usr/lib/gcc/x86_64-linux-gnu/9/:/usr/lib/gcc/x86_64-linux-gnu/9/:/usr/lib/gcc/x86_64-linux-gnu/:/usr/lib/gcc/x86_64-linux-gnu/9/:/usr/lib/gcc/x86_64-linux-gnu/]
  ignore line: [LIBRARY_PATH=/usr/lib/gcc/x86_64-linux-gnu/9/:/usr/lib/gcc/x86_64-linux-gnu/9/../../../x86_64-linux-gnu/:/usr/lib/gcc/x86_64-linux-gnu/9/../../../../lib/:/lib/x86_64-linux-gnu/:/lib/../lib/:/usr/lib/x86_64-linux-gnu/:/usr/lib/../lib/:/usr/lib/gcc/x86_64-linux-gnu/9/../../../:/lib/:/usr/lib/]
  ignore line: [COLLECT_GCC_OPTIONS='-v' '-o' 'cmTC_ff801' '-mtune=generic' '-march=x86-64']
  link line: [ /usr/lib/gcc/x86_64-linux-gnu/9/collect2 -plugin /usr/lib/gcc/x86_64-linux-gnu/9/liblto_plugin.so -plugin-opt=/usr/lib/gcc/x86_64-linux-gnu/9/lto-wrapper -plugin-opt=-fresolution=/tmp/ccICDaYQ.res -plugin-opt=-pass-through=-lgcc -plugin-opt=-pass-through=-lgcc_s -plugin-opt=-pass-through=-lc -plugin-opt=-pass-through=-lgcc -plugin-opt=-pass-through=-lgcc_s --build-id --eh-frame-hdr -m elf_x86_64 --hash-style=gnu --as-needed -dynamic-linker /lib64/ld-linux-x86-64.so.2 -pie -z now -z relro -o cmTC_ff801 /usr/lib/gcc/x86_64-linux-gnu/9/../../../x86_64-linux-gnu/Scrt1.o /usr/lib/gcc/x86_64-linux-gnu/9/../../../x86_64-linux-gnu/crti.o /usr/lib/gcc/x86_64-linux-gnu/9/crtbeginS.o -L/usr/lib/gcc/x86_64-linux-gnu/9 -L/usr/lib/gcc/x86_64-linux-gnu/9/../../../x86_64-linux-gnu -L/usr/lib/gcc/x86_64-linux-gnu/9/../../../../lib -L/lib/x86_64-linux-gnu -L/lib/../lib -L/usr/lib/x86_64-linux-gnu -L/usr/lib/../lib -L/usr/lib/gcc/x86_64-linux-gnu/9/../../.. CMakeFiles/cmTC_ff801.dir/CMakeCCompilerABI.c.o -lgcc --push-state --as-needed -lgcc_s --pop-state -lc -lgcc --push-state --as-needed -lgcc_s --pop-state /usr/lib/gcc/x86_64-linux-gnu/9/crtendS.o /usr/lib/gcc/x86_64-linux-gnu/9/../../../x86_64-linux-gnu/crtn.o]
    arg [/usr/lib/gcc/x86_64-linux-gnu/9/collect2] ==> ignore
    arg [-plugin] ==> ignore
    arg [/usr/lib/gcc/x86_64-linux-gnu/9/liblto_plugin.so] ==> ignore
    arg [-plugin-opt=/usr/lib/gcc/x86_64-linux-gnu/9/lto-wrapper] ==> ignore
    arg [-plugin-opt=-fresolution=/tmp/ccICDaYQ.res] ==> ignore
    arg [-plugin-opt=-pass-through=-lgcc] ==> ignore
    arg [-plugin-opt=-pass-through=-lgcc_s] ==> ignore
    arg [-plugin-opt=-pass-through=-lc] ==> ignore
    arg [-plugin-opt=-pass-through=-lgcc] ==> ignore
    arg [-plugin-opt=-pass-through=-lgcc_s] ==> ignore
    arg [--build-id] ==> ignore
    arg [--eh-frame-hdr] ==> ignore
    arg [-m] ==> ignore
    arg [elf_x86_64] ==> ignore
    arg [--hash-style=gnu] ==> ignore
    arg [--as-needed] ==> ignore
    arg [-dynamic-linker] ==> ignore
    arg [/lib64/ld-linux-x86-64.so.2] ==> ignore
    arg [-pie] ==> ignore
    arg [-znow] ==> ignore
    arg [-zrelro] ==> ignore
    arg [-o] ==> ignore
    arg [cmTC_ff801] ==> ignore
    arg [/usr/lib/gcc/x86_64-linux-gnu/9/../../../x86_64-linux-gnu/Scrt1.o] ==> ignore
    arg [/usr/lib/gcc/x86_64-linux-gnu/9/../../../x86_64-linux-gnu/crti.o] ==> ignore
    arg [/usr/lib/gcc/x86_64-linux-gnu/9/crtbeginS.o] ==> ignore
    arg [-L/usr/lib/gcc/x86_64-linux-gnu/9] ==> dir [/usr/lib/gcc/x86_64-linux-gnu/9]
    arg [-L/usr/lib/gcc/x86_64-linux-gnu/9/../../../x86_64-linux-gnu] ==> dir [/usr/lib/gcc/x86_64-linux-gnu/9/../../../x86_64-linux-gnu]
    arg [-L/usr/lib/gcc/x86_64-linux-gnu/9/../../../../lib] ==> dir [/usr/lib/gcc/x86_64-linux-gnu/9/../../../../lib]
    arg [-L/lib/x86_64-linux-gnu] ==> dir [/lib/x86_64-linux-gnu]
    arg [-L/lib/../lib] ==> dir [/lib/../lib]
    arg [-L/usr/lib/x86_64-linux-gnu] ==> dir [/usr/lib/x86_64-linux-gnu]
    arg [-L/usr/lib/../lib] ==> dir [/usr/lib/../lib]
    arg [-L/usr/lib/gcc/x86_64-linux-gnu/9/../../..] ==> dir [/usr/lib/gcc/x86_64-linux-gnu/9/../../..]
    arg [CMakeFiles/cmTC_ff801.dir/CMakeCCompilerABI.c.o] ==> ignore
    arg [-lgcc] ==> lib [gcc]
    arg [--push-state] ==> ignore
    arg [--as-needed] ==> ignore
    arg [-lgcc_s] ==> lib [gcc_s]
    arg [--pop-state] ==> ignore
    arg [-lc] ==> lib [c]
    arg [-lgcc] ==> lib [gcc]
    arg [--push-state] ==> ignore
    arg [--as-needed] ==> ignore
    arg [-lgcc_s] ==> lib [gcc_s]
    arg [--pop-state] ==> ignore
    arg [/usr/lib/gcc/x86_64-linux-gnu/9/crtendS.o] ==> ignore
    arg [/usr/lib/gcc/x86_64-linux-gnu/9/../../../x86_64-linux-gnu/crtn.o] ==> ignore
  collapse library dir [/usr/lib/gcc/x86_64-linux-gnu/9] ==> [/usr/lib/gcc/x86_64-linux-gnu/9]
  collapse library dir [/usr/lib/gcc/x86_64-linux-gnu/9/../../../x86_64-linux-gnu] ==> [/usr/lib/x86_64-linux-gnu]
  collapse library dir [/usr/lib/gcc/x86_64-linux-gnu/9/../../../../lib] ==> [/usr/lib]
  collapse library dir [/lib/x86_64-linux-gnu] ==> [/lib/x86_64-linux-gnu]
  collapse library dir [/lib/../lib] ==> [/lib]
  collapse library dir [/usr/lib/x86_64-linux-gnu] ==> [/usr/lib/x86_64-linux-gnu]
  collapse library dir [/usr/lib/../lib] ==> [/usr/lib]
  collapse library dir [/usr/lib/gcc/x86_64-linux-gnu/9/../../..] ==> [/usr/lib]
  implicit libs: [gcc;gcc_s;c;gcc;gcc_s]
  implicit dirs: [/usr/lib/gcc/x86_64-linux-gnu/9;/usr/lib/x86_64-linux-gnu;/usr/lib;/lib/x86_64-linux-gnu;/lib]
  implicit fwks: []


Determining if the CXX compiler works passed with the following output:
Change Dir: /home/darisishe/Рабочий стол/contest/build/Release/CMakeFiles/CMakeTmp

Run Build Command(s):/usr/bin/make cmTC_fb91d/fast && /usr/bin/make -f CMakeFiles/cmTC_fb91d.dir/build.make CMakeFiles/cmTC_fb91d.dir/build
make[1]: вход в каталог «/home/darisishe/Рабочий стол/contest/build/Release/CMakeFiles/CMakeTmp»
Building CXX object CMakeFiles/cmTC_fb91d.dir/testCXXCompiler.cxx.o
/usr/bin/g++     -o CMakeFiles/cmTC_fb91d.dir/testCXXCompiler.cxx.o -c "/home/darisishe/Рабочий стол/contest/build/Release/CMakeFiles/CMakeTmp/testCXXCompiler.cxx"
Linking CXX executable cmTC_fb91d
/usr/bin/cmake -E cmake_link_script CMakeFiles/cmTC_fb91d.dir/link.txt --verbose=1
/usr/bin/g++       CMakeFiles/cmTC_fb91d.dir/testCXXCompiler.cxx.o  -o cmTC_fb91d 
make[1]: выход из каталога «/home/darisishe/Рабочий стол/contest/build/Release/CMakeFiles/CMakeTmp»



Detecting CXX compiler ABI info compiled with the following output:
Change Dir: /home/darisishe/Рабочий стол/contest/build/Release/CMakeFiles/CMakeTmp

Run Build Command(s):/usr/bin/make cmTC_3cdf7/fast && /usr/bin/make -f CMakeFiles/cmTC_3cdf7.dir/build.make CMakeFiles/cmTC_3cdf7.dir/build
make[1]: Entering directory '/home/darisishe/Рабочий стол/contest/build/Release/CMakeFiles/CMakeTmp'
Building CXX object CMakeFiles/cmTC_3cdf7.dir/CMakeCXXCompilerABI.cpp.o
/usr/bin/g++    -v -o CMakeFiles/cmTC_3cdf7.dir/CMakeCXXCompilerABI.cpp.o -c /usr/share/cmake-3.16/Modules/CMakeCXXCompilerABI.cpp
Using built-in specs.
COLLECT_GCC=/usr/bin/g++
OFFLOAD_TARGET_NAMES=nvptx-none:hsa
OFFLOAD_TARGET_DEFAULT=1
Target: x86_64-linux-gnu
Configured with: ../src/configure -v --with-pkgversion='Ubuntu 9.4.0-1ubuntu1~20.04.2' --with-bugurl=file:///usr/share/doc/gcc-9/README.Bugs --enable-languages=c,ada,c++,go,brig,d,fortran,objc,obj-c++,gm2 --prefix=/usr --with-gcc-major-version-only --program-suffix=-9 --program-prefix=x86_64-linux-gnu- --enable-shared --enable-linker-build-id --libexecdir=/usr/lib --without-included-gettext --enable-threads=posix --libdir=/usr/lib --enable-nls --enable-clocale=gnu --enable-libstdcxx-debug --enable-libstdcxx-time=yes --with-default-libstdcxx-abi=new --enable-gnu-unique-object --disable-vtable-verify --enable-plugin --enable-default-pie --with-system-zlib --with-target-system-zlib=auto --enable-objc-gc=auto --enable-multiarch --disable-werror --with-arch-32=i686 --with-abi=m64 --with-multilib-list=m32,m64,mx32 --enable-multilib --with-tune=generic --enable-offload-targets=nvptx-none=/build/gcc-9-9QDOt0/gcc-9-9.4.0/debian/tmp-nvptx/usr,hsa --without-cuda-driver --enable-checking=release --build=x86_64-linux-gnu --host=x86_64-linux-gnu --target=x86_64-linux-gnu
Thread model: posix
gcc version 9.4.0 (Ubuntu 9.4.0-1ubuntu1~20.04.2) 
COLLECT_GCC_OPTIONS='-v' '-o' 'CMakeFiles/cmTC_3cdf7.dir/CMakeCXXCompilerABI.cpp.o' '-c' '-shared-libgcc' '-mtune=generic' '-march=x86-64'
 /usr/lib/gcc/x86_64-linux-gnu/9/cc1plus -quiet -v -imultiarch x86_64-linux-gnu -D_GNU_SOURCE /usr/share/cmake-3.16/Modules/CMakeCXXCompilerABI.cpp -quiet -dumpbase CMakeCXXCompilerABI.cpp -mtune=generic -march=x86-64 -auxbase-strip CMakeFiles/cmTC_3cdf7.dir/CMakeCXXCompilerABI.cpp.o -version -fasynchronous-unwind-tables -fstack-protector-strong -Wformat -Wformat-security -fstack-clash-protection -fcf-protection -o /tmp/cceGkfiA.s
GNU C++14 (Ubuntu 9.4.0-1ubuntu1~20.04.2) version 9.4.0 (x86_64-linux-gnu)
	compiled by GNU C version 9.4.0, GMP version 6.2.0, MPFR version 4.0.2, MPC version 1.1.0, isl version isl-0.22.1-GMP

GGC heuristics: --param ggc-min-expand=100 --param ggc-min-heapsize=131072
ignoring duplicate directory "/usr/include/x86_64-linux-gnu/c++/9"
ignoring nonexistent directory "/usr/local/include/x86_64-linux-gnu"
ignoring nonexistent directory "/usr/lib/gcc/x86_64-linux-gnu/9/include-fixed"
ignoring nonexistent directory "/usr/lib/gcc/x86_64-linux-gnu/9/../../../../x86_64-linux-gnu/include"
#include "..." search starts here:
#include <...> search starts here:
 /usr/include/c++/9
 /usr/include/x86_64-linux-gnu/c++/9
 /usr/include/c++/9/backward
 /usr/lib/gcc/x86_64-linux-gnu/9/include
 /usr/local/include
 /usr/include/x86_64-linux-gnu
 /usr/include
End of search list.
GNU C++14 (Ubuntu 9.4.0-1ubuntu1~20.04.2) version 9.4.0 (x86_64-linux-gnu)
	compiled by GNU C version 9.4.0, GMP version 6.2.0, MPFR version 4.0.2, MPC version 1.1.0, isl version isl-0.22.1-GMP

GGC heuristics: --param ggc-min-expand=100 --param ggc-min-heapsize=131072
Compiler executable checksum: 3d1eba838554fa2348dba760e4770469
COLLECT_GCC_OPTIONS='-v' '-o' 'CMakeFiles/cmTC_3cdf7.dir/CMakeCXXCompilerABI.cpp.o' '-c' '-shared-libgcc' '-mtune=generic' '-march=x86-64'
 as -v --64 -o CMakeFiles/cmTC_3cdf7.dir/CMakeCXXCompilerABI.cpp.o /tmp/cceGkfiA.s
GNU assembler version 2.34 (x86_64-linux-gnu) using BFD version (GNU Binutils for Ubuntu) 2.34
COMPILER_PATH=/usr/lib/gcc/x86_64-linux-gnu/9/:/usr/lib/gcc/x86_64-linux-gnu/9/:/usr/lib/gcc/x86_64-linux-gnu/:/usr/lib/gcc/x86_64-linux-gnu/9/:/usr/lib/gcc/x86_64-linux-gnu/
LIBRARY_PATH=/usr/lib/gcc/x86_64-linux-gnu/9/:/usr/lib/gcc/x86_64-linux-gnu/9/../../../x86_64-linux-gnu/:/usr/lib/gcc/x86_64-linux-gnu/9/../../../../lib/:/lib/x86_64-linux-gnu/:/lib/../lib/:/usr/lib/x86_64-linux-gnu/:/usr/lib/../lib/:/usr/lib/gcc/x86_64-linux-gnu/9/../../../:/lib/:/usr/lib/
COLLECT_GCC_OPTIONS='-v' '-o' 'CMakeFiles/cmTC_3cdf7.dir/CMakeCXXCompilerABI.cpp.o' '-c' '-shared-libgcc' '-mtune=generic' '-march=x86-64'
Linking CXX executable cmTC_3cdf7
/usr/bin/cmake -E cmake_link_script CMakeFiles/cmTC_3cdf7.dir/link.txt --verbose=1
/usr/bin/g++      -v CMakeFiles/cmTC_3cdf7.dir/CMakeCXXCompilerABI.cpp.o  -o cmTC_3cdf7 
Using built-in specs.
COLLECT_GCC=/usr/bin/g++
COLLECT_LTO_WRAPPER=/usr/lib/gcc/x86_64-linux-gnu/9/lto-wrapper
OFFLOAD_TARGET_NAMES=nvptx-none:hsa
OFFLOAD_TARGET_DEFAULT=1
Target: x86_64-linux-gnu
Configured with: ../src/configure -v --with-pkgversion='Ubuntu 9.4.0-1ubuntu1~20.04.2' --with-bugurl=file:///usr/share/doc/gcc-9/README.Bugs --enable-languages=c,ada,c++,go,brig,d,fortran,objc,obj-c++,gm2 --prefix=/usr --with-gcc-major-version-only --program-suffix=-9 --program-prefix=x86_64-linux-gnu- --enable-shared --enable-linker-build-id --libexecdir=/usr/lib --without-included-gettext --enable-threads=posix --libdir=/usr/lib --enable-nls --enable-clocale=gnu --enable-libstdcxx-debug --enable-libstdcxx-time=yes --with-default-libstdcxx-abi=new --enable-gnu-unique-object --disable-vtable-verify --enable-plugin --enable-default-pie --with-system-zlib --with-target-system-zlib=auto --enable-objc-gc=auto --enable-multiarch --disable-werror --with-arch-32=i686 --with-abi=m64 --with-multilib-list=m32,m64,mx32 --enable-multilib --with-tune=generic --enable-offload-targets=nvptx-none=/build/gcc-9-9QDOt0/gcc-9-9.4.0/debian/tmp-nvptx/usr,hsa --without-cuda-driver --enable-checking=release --build=x86_64-linux-gnu --host=x86_64-linux-gnu --target=x86_64-linux-gnu
Thread model: posix
gcc version 9.4.0 (Ubuntu 9.4.0-1ubuntu1~20.04.2) 
COMPILER_PATH=/usr/lib/gcc/x86_64-linux-gnu/9/:/usr/lib/gcc/x86_64-linux-gnu/9/:/usr/lib/gcc/x86_64-linux-gnu/:/usr/lib/gcc/x86_64-linux-gnu/9/:/usr/lib/gcc/x86_64-linux-gnu/
LIBRARY_PATH=/usr/lib/gcc/x86_64-linux-gnu/9/:/usr/lib/gcc/x86_64-linux-gnu/9/../../../x86_64-linux-gnu/:/usr/lib/gcc/x86_64-linux-gnu/9/../../../../lib/:/lib/x86_64-linux-gnu/:/lib/../lib/:/usr/lib/x86_64-linux-gnu/:/usr/lib/../lib/:/usr/lib/gcc/x86_64-linux-gnu/9/../../../:/lib/:/usr/lib/
COLLECT_GCC_OPTIONS='-v' '-o' 'cmTC_3cdf7' '-shared-libgcc' '-mtune=generic' '-march=x86-64'
 /usr/lib/gcc/x86_64-linux-gnu/9/collect2 -plugin /usr/lib/gcc/x86_64-linux-gnu/9/liblto_plugin.so -plugin-opt=/usr/lib/gcc/x86_64-linux-gnu/9/lto-wrapper -plugin-opt=-fresolution=/tmp/ccRMXwO3.res -plugin-opt=-pass-through=-lgcc_s -plugin-opt=-pass-through=-lgcc -plugin-opt=-pass-through=-lc -plugin-opt=-pass-through=-lgcc_s -plugin-opt=-pass-through=-lgcc --build-id --eh-frame-hdr -m elf_x86_64 --hash-style=gnu --as-needed -dynamic-linker /lib64/ld-linux-x86-64.so.2 -pie -z now -z relro -o cmTC_3cdf7 /usr/lib/gcc/x86_64-linux-gnu/9/../../../x86_64-linux-gnu/Scrt1.o /usr/lib/gcc/x86_64-linux-gnu/9/../../../x86_64-linux-gnu/crti.o /usr/lib/gcc/x86_64-linux-gnu/9/crtbeginS.o -L/usr/lib/gcc/x86_64-linux-gnu/9 -L/usr/lib/gcc/x86_64-linux-gnu/9/../../../x86_64-linux-gnu -L/usr/lib/gcc/x86_64-linux-gnu/9/../../../../lib -L/lib/x86_64-linux-gnu -L/lib/../lib -L/usr/lib/x86_64-linux-gnu -L/usr/lib/../lib -L/usr/lib/gcc/x86_64-linux-gnu/9/../../.. CMakeFiles/cmTC_3cdf7.dir/CMakeCXXCompilerABI.cpp.o -lstdc++ -lm -lgcc_s -lgcc -lc -lgcc_s -lgcc /usr/lib/gcc/x86_64-linux-gnu/9/crtendS.o /usr/lib/gcc/x86_64-linux-gnu/9/../../../x86_64-linux-gnu/crtn.o
COLLECT_GCC_OPTIONS='-v' '-o' 'cmTC_3cdf7' '-shared-libgcc' '-mtune=generic' '-march=x86-64'
make[1]: Leaving directory '/home/darisishe/Рабочий стол/contest/build/Release/CMakeFiles/CMakeTmp'



Parsed CXX implicit include dir info from above output: rv=done
  found start of include info
  found start of implicit include info
    add: [/usr/include/c++/9]
    add: [/usr/include/x86_64-linux-gnu/c++/9]
    add: [/usr/include/c++/9/backward]
    add: [/usr/lib/gcc/x86_64-linux-gnu/9/include]
    add: [/usr/local/include]
    add: [/usr/include/x86_64-linux-gnu]
    add: [/usr/include]
  end of search list found
  collapse include dir [/usr/include/c++/9] ==> [/usr/include/c++/9]
  collapse include dir [/usr/include/x86_64-linux-gnu/c++/9] ==> [/usr/include/x86_64-linux-gnu/c++/9]
  collapse include dir [/usr/include/c++/9/backward] ==> [/usr/include/c++/9/backward]
  collapse include dir [/usr/lib/gcc/x86_64-linux-gnu/9/include] ==> [/usr/lib/gcc/x86_64-linux-gnu/9/include]
  collapse include dir [/usr/local/include] ==> [/usr/local/include]
  collapse include dir [/usr/include/x86_64-linux-gnu] ==> [/usr/include/x86_64-linux-gnu]
  collapse include dir [/usr/include] ==> [/usr/include]
  implicit include dirs: [/usr/include/c++/9;/usr/include/x86_64-linux-gnu/c++/9;/usr/include/c++/9/backward;/usr/lib/gcc/x86_64-linux-gnu/9/include;/usr/local/include;/usr/include/x86_64-linux-gnu;/usr/include]


Parsed CXX implicit link information from above output:
  link line regex: [^( *|.*[/\])(ld|CMAKE_LINK_STARTFILE-NOTFOUND|([^/\]+-)?ld|collect2)[^/\]*( |$)]
  ignore line: [Change Dir: /home/darisishe/Рабочий стол/contest/build/Release/CMakeFiles/CMakeTmp]
  ignore line: []
  ignore line: [Run Build Command(s):/usr/bin/make cmTC_3cdf7/fast && /usr/bin/make -f CMakeFiles/cmTC_3cdf7.dir/build.make CMakeFiles/cmTC_3cdf7.dir/build]
  ignore line: [make[1]: Entering directory '/home/darisishe/Рабочий стол/contest/build/Release/CMakeFiles/CMakeTmp']
  ignore line: [Building CXX object CMakeFiles/cmTC_3cdf7.dir/CMakeCXXCompilerABI.cpp.o]
  ignore line: [/usr/bin/g++    -v -o CMakeFiles/cmTC_3cdf7.dir/CMakeCXXCompilerABI.cpp.o -c /usr/share/cmake-3.16/Modules/CMakeCXXCompilerABI.cpp]
  ignore line: [Using built-in specs.]
  ignore line: [COLLECT_GCC=/usr/bin/g++]
  ignore line: [OFFLOAD_TARGET_NAMES=nvptx-none:hsa]
  ignore line: [OFFLOAD_TARGET_DEFAULT=1]
  ignore line: [Target: x86_64-linux-gnu]
  ignore line: [Configured with: ../src/configure -v --with-pkgversion='Ubuntu 9.4.0-1ubuntu1~20.04.2' --with-bugurl=file:///usr/share/doc/gcc-9/README.Bugs --enable-languages=c ada c++ go brig d fortran objc obj-c++ gm2 --prefix=/usr --with-gcc-major-version-only --program-suffix=-9 --program-prefix=x86_64-linux-gnu- --enable-shared --enable-linker-build-id --libexecdir=/usr/lib --without-included-gettext --enable-threads=posix --libdir=/usr/lib --enable-nls --enable-clocale=gnu --enable-libstdcxx-debug --enable-libstdcxx-time=yes --with-default-libstdcxx-abi=new --enable-gnu-unique-object --disable-vtable-verify --enable-plugin --enable-default-pie --with-system-zlib --with-target-system-zlib=auto --enable-objc-gc=auto --enable-multiarch --disable-werror --with-arch-32=i686 --with-abi=m64 --with-multilib-list=m32 m64 mx32 --enable-multilib --with-tune=generic --enable-offload-targets=nvptx-none=/build/gcc-9-9QDOt0/gcc-9-9.4.0/debian/tmp-nvptx/usr hsa --without-cuda-driver --enable-checking=release --build=x86_64-linux-gnu --host=x86_64-linux-gnu --target=x86_64-linux-gnu]
  ignore line: [Thread model: posix]
  ignore line: [gcc version 9.4.0 (Ubuntu 9.4.0-1ubuntu1~20.04.2) ]
  ignore line: [COLLECT_GCC_OPTIONS='-v' '-o' 'CMakeFiles/cmTC_3cdf7.dir/CMakeCXXCompilerABI.cpp.o' '-c' '-shared-libgcc' '-mtune=generic' '-march=x86-64']
  ignore line: [ /usr/lib/gcc/x86_64-linux-gnu/9/cc1plus -quiet -v -imultiarch x86_64-linux-gnu -D_GNU_SOURCE /usr/share/cmake-3.16/Modules/CMakeCXXCompilerABI.cpp -quiet -dumpbase CMakeCXXCompilerABI.cpp -mtune=generic -march=x86-64 -auxbase-strip CMakeFiles/cmTC_3cdf7.dir/CMakeCXXCompilerABI.cpp.o -version -fasynchronous-unwind-tables -fstack-protector-strong -Wformat -Wformat-security -fstack-clash-protection -fcf-protection -o /tmp/cceGkfiA.s]
  ignore line: [GNU C++14 (Ubuntu 9.4.0-1ubuntu1~20.04.2) version 9.4.0 (x86_64-linux-gnu)]
  ignore line: [	compiled by GNU C version 9.4.0  GMP version 6.2.0  MPFR version 4.0.2  MPC version 1.1.0  isl version isl-0.22.1-GMP]
  ignore line: []
  ignore line: [GGC heuristics: --param ggc-min-expand=100 --param ggc-min-heapsize=131072]
  ignore line: [ignoring duplicate directory "/usr/include/x86_64-linux-gnu/c++/9"]
  ignore line: [ignoring nonexistent directory "/usr/local/include/x86_64-linux-gnu"]
  ignore line: [ignoring nonexistent directory "/usr/lib/gcc/x86_64-linux-gnu/9/include-fixed"]
  ignore line: [ignoring nonexistent directory "/usr/lib/gcc/x86_64-linux-gnu/9/../../../../x86_64-linux-gnu/include"]
  ignore line: [#include "..." search starts here:]
  ignore line: [#include <...> search starts here:]
  ignore line: [ /usr/include/c++/9]
  ignore line: [ /usr/include/x86_64-linux-gnu/c++/9]
  ignore line: [ /usr/include/c++/9/backward]
  ignore line: [ /usr/lib/gcc/x86_64-linux-gnu/9/include]
  ignore line: [ /usr/local/include]
  ignore line: [ /usr/include/x86_64-linux-gnu]
  ignore line: [ /usr/include]
  ignore line: [End of search list.]
  ignore line: [GNU C++14 (Ubuntu 9.4.0-1ubuntu1~20.04.2) version 9.4.0 (x86_64-linux-gnu)]
  ignore line: [	compiled by GNU C version 9.4.0  GMP version 6.2.0  MPFR version 4.0.2  MPC version 1.1.0  isl version isl-0.22.1-GMP]
  ignore line: []
  ignore line: [GGC heuristics: --param ggc-min-expand=100 --param ggc-min-heapsize=131072]
  ignore line: [Compiler executable checksum: 3d1eba838554fa2348dba760e4770469]
  ignore line: [COLLECT_GCC_OPTIONS='-v' '-o' 'CMakeFiles/cmTC_3cdf7.dir/CMakeCXXCompilerABI.cpp.o' '-c' '-shared-libgcc' '-mtune=generic' '-march=x86-64']
  ignore line: [ as -v --64 -o CMakeFiles/cmTC_3cdf7.dir/CMakeCXXCompilerABI.cpp.o /tmp/cceGkfiA.s]
  ignore line: [GNU assembler version 2.34 (x86_64-linux-gnu) using BFD version (GNU Binutils for Ubuntu) 2.34]
  ignore line: [COMPILER_PATH=/usr/lib/gcc/x86_64-linux-gnu/9/:/usr/lib/gcc/x86_64-linux-gnu/9/:/usr/lib/gcc/x86_64-linux-gnu/:/usr/lib/gcc/x86_64-linux-gnu/9/:/usr/lib/gcc/x86_64-linux-gnu/]
  ignore line: [LIBRARY_PATH=/usr/lib/gcc/x86_64-linux-gnu/9/:/usr/lib/gcc/x86_64-linux-gnu/9/../../../x86_64-linux-gnu/:/usr/lib/gcc/x86_64-linux-gnu/9/../../../../lib/:/lib/x86_64-linux-gnu/:/lib/../lib/:/usr/lib/x86_64-linux-gnu/:/usr/lib/../lib/:/usr/lib/gcc/x86_64-linux-gnu/9/../../../:/lib/:/usr/lib/]
  ignore line: [COLLECT_GCC_OPTIONS='-v' '-o' 'CMakeFiles/cmTC_3cdf7.dir/CMakeCXXCompilerABI.cpp.o' '-c' '-shared-libgcc' '-mtune=generic' '-march=x86-64']
  ignore line: [Linking CXX executable cmTC_3cdf7]
  ignore line: [/usr/bin/cmake -E cmake_link_script CMakeFiles/cmTC_3cdf7.dir/link.txt --verbose=1]
  ignore line: [/usr/bin/g++      -v CMakeFiles/cmTC_3cdf7.dir/CMakeCXXCompilerABI.cpp.o  -o cmTC_3cdf7 ]
  ignore line: [Using built-in specs.]
  ignore line: [COLLECT_GCC=/usr/bin/g++]
  ignore line: [COLLECT_LTO_WRAPPER=/usr/lib/gcc/x86_64-linux-gnu/9/lto-wrapper]
  ignore line: [OFFLOAD_TARGET_NAMES=nvptx-none:hsa]
  ignore line: [OFFLOAD_TARGET_DEFAULT=1]
  ignore line: [Target: x86_64-linux-gnu]
  ignore line: [Configured with: ../src/configure -v --with-pkgversion='Ubuntu 9.4.0-1ubuntu1~20.04.2' --with-bugurl=file:///usr/share/doc/gcc-9/README.Bugs --enable-languages=c ada c++ go brig d fortran objc obj-c++ gm2 --prefix=/usr --with-gcc-major-version-only --program-suffix=-9 --program-prefix=x86_64-linux-gnu- --enable-shared --enable-linker-build-id --libexecdir=/usr/lib --without-included-gettext --enable-threads=posix --libdir=/usr/lib --enable-nls --enable-clocale=gnu --enable-libstdcxx-debug --enable-libstdcxx-time=yes --with-default-libstdcxx-abi=new --enable-gnu-unique-object --disable-vtable-verify --enable-plugin --enable-default-pie --with-system-zlib --with-target-system-zlib=auto --enable-objc-gc=auto --enable-multiarch --disable-werror --with-arch-32=i686 --with-abi=m64 --with-multilib-list=m32 m64 mx32 --enable-multilib --with-tune=generic --enable-offload-targets=nvptx-none=/build/gcc-9-9QDOt0/gcc-9-9.4.0/debian/tmp-nvptx/usr hsa --without-cuda-driver --enable-checking=release --build=x86_64-linux-gnu --host=x86_64-linux-gnu --target=x86_64-linux-gnu]
  ignore line: [Thread model: posix]
  ignore line: [gcc version 9.4.0 (Ubuntu 9.4.0-1ubuntu1~20.04.2) ]
  ignore line: [COMPILER_PATH=/usr/lib/gcc/x86_64-linux-gnu/9/:/usr/lib/gcc/x86_64-linux-gnu/9/:/usr/lib/gcc/x86_64-linux-gnu/:/usr/lib/gcc/x86_64-linux-gnu/9/:/usr/lib/gcc/x86_64-linux-gnu/]
  ignore line: [LIBRARY_PATH=/usr/lib/gcc/x86_64-linux-gnu/9/:/usr/lib/gcc/x86_64-linux-gnu/9/../../../x86_64-linux-gnu/:/usr/lib/gcc/x86_64-linux-gnu/9/../../../../lib/:/lib/x86_64-linux-gnu/:/lib/../lib/:/usr/lib/x86_64-linux-gnu/:/usr/lib/../lib/:/usr/lib/gcc/x86_64-linux-gnu/9/../../../:/lib/:/usr/lib/]
  ignore line: [COLLECT_GCC_OPTIONS='-v' '-o' 'cmTC_3cdf7' '-shared-libgcc' '-mtune=generic' '-march=x86-64']
  link line: [ /usr/lib/gcc/x86_64-linux-gnu/9/collect2 -plugin /usr/lib/gcc/x86_64-linux-gnu/9/liblto_plugin.so -plugin-opt=/usr/lib/gcc/x86_64-linux-gnu/9/lto-wrapper -plugin-opt=-fresolution=/tmp/ccRMXwO3.res -plugin-opt=-pass-through=-lgcc_s -plugin-opt=-pass-through=-lgcc -plugin-opt=-pass-through=-lc -plugin-opt=-pass-through=-lgcc_s -plugin-opt=-pass-through=-lgcc --build-id --eh-frame-hdr -m elf_x86_64 --hash-style=gnu --as-needed -dynamic-linker /lib64/ld-linux-x86-64.so.2 -pie -z now -z relro -o cmTC_3cdf7 /usr/lib/gcc/x86_64-linux-gnu/9/../../../x86_64-linux-gnu/Scrt1.o /usr/lib/gcc/x86_64-linux-gnu/9/../../../x86_64-linux-gnu/crti.o /usr/lib/gcc/x86_64-linux-gnu/9/crtbeginS.o -L/usr/lib/gcc/x86_64-linux-gnu/9 -L/usr/lib/gcc/x86_64-linux-gnu/9/../../../x86_64-linux-gnu -L/usr/lib/gcc/x86_64-linux-gnu/9/../../../../lib -L/lib/x86_64-linux-gnu -L/lib/../lib -L/usr/lib/x86_64-linux-gnu -L/usr/lib/../lib -L/usr/lib/gcc/x86_64-linux-gnu/9/../../.. CMakeFiles/cmTC_3cdf7.dir/CMakeCXXCompilerABI.cpp.o -lstdc++ -lm -lgcc_s -lgcc -lc -lgcc_s -lgcc /usr/lib/gcc/x86_64-linux-gnu/9/crtendS.o /usr/lib/gcc/x86_64-linux-gnu/9/../../../x86_64-linux-gnu/crtn.o]
    arg [/usr/lib/gcc/x86_64-linux-gnu/9/collect2] ==> ignore
    arg [-plugin] ==> ignore
    arg [/usr/lib/gcc/x86_64-linux-gnu/9/liblto_plugin.so] ==> ignore
    arg [-plugin-opt=/usr/lib/gcc/x86_64-linux-gnu/9/lto-wrapper] ==> ignore
    arg [-plugin-opt=-fresolution=/tmp/ccRMXwO3.res] ==> ignore
    arg [-plugin-opt=-pass-through=-lgcc_s] ==> ignore
    arg [-plugin-opt=-pass-through=-lgcc] ==> ignore
    arg [-plugin-opt=-pass-through=-lc] ==> ignore
    arg [-plugin-opt=-pass-through=-lgcc_s] ==> ignore
    arg [-plugin-opt=-pass-through=-lgcc] ==> ignore
    arg [--build-id] ==> ignore
    arg [--eh-frame-hdr] ==> ignore
    arg [-m] ==> ignore
    arg [elf_x86_64] ==> ignore
    arg [--hash-style=gnu] ==> ignore
    arg [--as-needed] ==> ignore
    arg [-dynamic-linker] ==> ignore
    arg [/lib64/ld-linux-x86-64.so.2] ==> ignore
    arg [-pie] ==> ignore
    arg [-znow] ==> ignore
    arg [-zrelro] ==> ignore
    arg [-o] ==> ignore
    arg [cmTC_3cdf7] ==> ignore
    arg [/usr/lib/gcc/x86_64-linux-gnu/9/../../../x86_64-linux-gnu/Scrt1.o] ==> ignore
    arg [/usr/lib/gcc/x86_64-linux-gnu/9/../../../x86_64-linux-gnu/crti.o] ==> ignore
    arg [/usr/lib/gcc/x86_64-linux-gnu/9/crtbeginS.o] ==> ignore
    arg [-L/usr/lib/gcc/x86_64-linux-gnu/9] ==> dir [/usr/lib/gcc/x86_64-linux-gnu/9]
    arg [-L/usr/lib/gcc/x86_64-linux-gnu/9/../../../x86_64-linux-gnu] ==> dir [/usr/lib/gcc/x86_64-linux-gnu/9/../../../x86_64-linux-gnu]
    arg [-L/usr/lib/gcc/x86_64-linux-gnu/9/../../../../lib] ==> dir [/usr/lib/gcc/x86_64-linux-gnu/9/../../../../lib]
    arg [-L/lib/x86_64-linux-gnu] ==> dir [/lib/x86_64-linux-gnu]
    arg [-L/lib/../lib] ==> dir [/lib/../lib]
    arg [-L/usr/lib/x86_64-linux-gnu] ==> dir [/usr/lib/x86_64-linux-gnu]
    arg [-L/usr/lib/../lib] ==> dir [/usr/lib/../lib]
    arg [-L/usr/lib/gcc/x86_64-linux-gnu/9/../../..] ==> dir [/usr/lib/gcc/x86_64-linux-gnu/9/../../..]
    arg [CMakeFiles/cmTC_3cdf7.dir/CMakeCXXCompilerABI.cpp.o] ==> ignore
    arg [-lstdc++] ==> lib [stdc++]
    arg [-lm] ==> lib [m]
    arg [-lgcc_s] ==> lib [gcc_s]
    arg [-lgcc] ==> lib [gcc]
    arg [-lc] ==> lib [c]
    arg [-lgcc_s] ==> lib [gcc_s]
    arg [-lgcc] ==> lib [gcc]
    arg [/usr/lib/gcc/x86_64-linux-gnu/9/crtendS.o] ==> ignore
    arg [/usr/lib/gcc/x86_64-linux-gnu/9/../../../x86_64-linux-gnu/crtn.o] ==> ignore
  collapse library dir [/usr/lib/gcc/x86_64-linux-gnu/9] ==> [/usr/lib/gcc/x86_64-linux-gnu/9]
  collapse library dir [/usr/lib/gcc/x86_64-linux-gnu/9/../../../x86_64-linux-gnu] ==> [/usr/lib/x86_64-linux-gnu]
  collapse library dir [/usr/lib/gcc/x86_64-linux-gnu/9/../../../../lib] ==> [/usr/lib]
  collapse library dir [/lib/x86_64-linux-gnu] ==> [/lib/x86_64-linux-gnu]
  collapse library dir [/lib/../lib] ==> [/lib]
  collapse library dir [/usr/lib/x86_64-linux-gnu] ==> [/usr/lib/x86_64-linux-gnu]
  collapse library dir [/usr/lib/../lib] ==> [/usr/lib]
  collapse library dir [/usr/lib/gcc/x86_64-linux-gnu/9/../../..] ==> [/usr/lib]
  implicit libs: [stdc++;m;gcc_s;gcc;c;gcc_s;gcc]
  implicit dirs: [/usr/lib/gcc/x86_64-linux-gnu/9;/usr/lib/x86_64-linux-gnu;/usr/lib;/lib/x86_64-linux-gnu;/lib]
  implicit fwks: []


Determining if the include file pthread.h exists passed with the following output:
Change Dir: /home/darisishe/Рабочий стол/contest/build/Release/CMakeFiles/CMakeTmp

Run Build Command(s):/usr/bin/make cmTC_52f7f/fast && /usr/bin/make -f CMakeFiles/cmTC_52f7f.dir/build.make CMakeFiles/cmTC_52f7f.dir/build
make[1]: вход в каталог «/home/darisishe/Рабочий стол/contest/build/Release/CMakeFiles/CMakeTmp»
Building C object CMakeFiles/cmTC_52f7f.dir/CheckIncludeFile.c.o
/usr/bin/gcc    -o CMakeFiles/cmTC_52f7f.dir/CheckIncludeFile.c.o   -c "/home/darisishe/Рабочий стол/contest/build/Release/CMakeFiles/CMakeTmp/CheckIncludeFile.c"
Linking C executable cmTC_52f7f
/usr/bin/cmake -E cmake_link_script CMakeFiles/cmTC_52f7f.dir/link.txt --verbose=1
/usr/bin/gcc      CMakeFiles/cmTC_52f7f.dir/CheckIncludeFile.c.o  -o cmTC_52f7f 
make[1]: выход из каталога «/home/darisishe/Рабочий стол/contest/build/Release/CMakeFiles/CMakeTmp»



Determining if the function pthread_create exists in the pthread passed with the following output:
Change Dir: /home/darisishe/Рабочий стол/contest/build/Release/CMakeFiles/CMakeTmp

Run Build Command(s):/usr/bin/make cmTC_241e5/fast && /usr/bin/make -f CMakeFiles/cmTC_241e5.dir/build.make CMakeFiles/cmTC_241e5.dir/build
make[1]: вход в каталог «/home/darisishe/Рабочий стол/contest/build/Release/CMakeFiles/CMakeTmp»
Building C object CMakeFiles/cmTC_241e5.dir/CheckFunctionExists.c.o
/usr/bin/gcc   -DCHECK_FUNCTION_EXISTS=pthread_create   -o CMakeFiles/cmTC_241e5.dir/CheckFunctionExists.c.o   -c /usr/share/cmake-3.16/Modules/CheckFunctionExists.c
Linking C executable cmTC_241e5
/usr/bin/cmake -E cmake_link_script CMakeFiles/cmTC_241e5.dir/link.txt --verbose=1
/usr/bin/gcc  -DCHECK_FUNCTION_EXISTS=pthread_create    CMakeFiles/cmTC_241e5.dir/CheckFunctionExists.c.o  -o cmTC_241e5  -lpthread 
make[1]: выход из каталога «/home/darisishe/Рабочий стол/contest/build/Release/CMakeFiles/CMakeTmp»



Determining if the function shm_open exists in the rt passed with the following output:
Change Dir: /home/darisishe/Рабочий стол/contest/build/Release/CMakeFiles/CMakeTmp

Run Build Command(s):/usr/bin/make cmTC_59285/fast && /usr/bin/make -f CMakeFiles/cmTC_59285.dir/build.make CMakeFiles/cmTC_59285.dir/build
make[1]: вход в каталог «/home/darisishe/Рабочий стол/contest/build/Release/CMakeFiles/CMakeTmp»
Building C object CMakeFiles/cmTC_59285.dir/CheckFunctionExists.c.o
/usr/bin/gcc   -DCHECK_FUNCTION_EXISTS=shm_open   -o CMakeFiles/cmTC_59285.dir/CheckFunctionExists.c.o   -c /usr/share/cmake-3.16/Modules/CheckFunctionExists.c
Linking C executable cmTC_59285
/usr/bin/cmake -E cmake_link_script CMakeFiles/cmTC_59285.dir/link.txt --verbose=1
/usr/bin/gcc  -DCHECK_FUNCTION_EXISTS=shm_open    CMakeFiles/cmTC_59285.dir/CheckFunctionExists.c.o  -o cmTC_59285  -lrt 
make[1]: выход из каталога «/home/darisishe/Рабочий стол/contest/build/Release/CMakeFiles/CMakeTmp»



Performing C++ SOURCE FILE Test HAVE_CXX_FLAG_WALL succeeded with the following output:
Change Dir: /home/darisishe/Рабочий стол/contest/build/Release/CMakeFiles/CMakeTmp

Run Build Command(s):/usr/bin/make cmTC_7f310/fast && /usr/bin/make -f CMakeFiles/cmTC_7f310.dir/build.make CMakeFiles/cmTC_7f310.dir/build
make[1]: Entering directory '/home/darisishe/Рабочий стол/contest/build/Release/CMakeFiles/CMakeTmp'
Building CXX object CMakeFiles/cmTC_7f310.dir/src.cxx.o
/usr/bin/g++    -DHAVE_CXX_FLAG_WALL  -Wall   -Wall -std=c++11 -o CMakeFiles/cmTC_7f310.dir/src.cxx.o -c "/home/darisishe/Рабочий стол/contest/build/Release/CMakeFiles/CMakeTmp/src.cxx"
Linking CXX executable cmTC_7f310
/usr/bin/cmake -E cmake_link_script CMakeFiles/cmTC_7f310.dir/link.txt --verbose=1
/usr/bin/g++   -DHAVE_CXX_FLAG_WALL  -Wall    CMakeFiles/cmTC_7f310.dir/src.cxx.o  -o cmTC_7f310 
make[1]: Leaving directory '/home/darisishe/Рабочий стол/contest/build/Release/CMakeFiles/CMakeTmp'


Source file was:
int main() { return 0; }
Performing C++ SOURCE FILE Test HAVE_CXX_FLAG_WEXTRA succeeded with the following output:
Change Dir: /home/darisishe/Рабочий стол/contest/build/Release/CMakeFiles/CMakeTmp

Run Build Command(s):/usr/bin/make cmTC_68d69/fast && /usr/bin/make -f CMakeFiles/cmTC_68d69.dir/build.make CMakeFiles/cmTC_68d69.dir/build
make[1]: Entering directory '/home/darisishe/Рабочий стол/contest/build/Release/CMakeFiles/CMakeTmp'
Building CXX object CMakeFiles/cmTC_68d69.dir/src.cxx.o
/usr/bin/g++    -Wall -DHAVE_CXX_FLAG_WEXTRA  -Wextra   -Wextra -std=c++11 -o CMakeFiles/cmTC_68d69.dir/src.cxx.o -c "/home/darisishe/Рабочий стол/contest/build/Release/CMakeFiles/CMakeTmp/src.cxx"
Linking CXX executable cmTC_68d69
/usr/bin/cmake -E cmake_link_script CMakeFiles/cmTC_68d69.dir/link.txt --verbose=1
/usr/bin/g++    -Wall -DHAVE_CXX_FLAG_WEXTRA  -Wextra    CMakeFiles/cmTC_68d69.dir/src.cxx.o  -o cmTC_68d69 
make[1]: Leaving directory '/home/darisishe/Рабочий стол/contest/build/Release/CMakeFiles/CMakeTmp'


Source file was:
int main() { return 0; }
Performing C++ SOURCE FILE Test HAVE_CXX_FLAG_WSHADOW succeeded with the following output:
Change Dir: /home/darisishe/Рабочий стол/contest/build/Release/CMakeFiles/CMakeTmp

Run Build Command(s):/usr/bin/make cmTC_85622/fast && /usr/bin/make -f CMakeFiles/cmTC_85622.dir/build.make CMakeFiles/cmTC_85622.dir/build
make[1]: Entering directory '/home/darisishe/Рабочий стол/contest/build/Release/CMakeFiles/CMakeTmp'
Building CXX object CMakeFiles/cmTC_85622.dir/src.cxx.o
/usr/bin/g++    -Wall  -Wextra -DHAVE_CXX_FLAG_WSHADOW  -Wshadow   -Wshadow -std=c++11 -o CMakeFiles/cmTC_85622.dir/src.cxx.o -c "/home/darisishe/Рабочий стол/contest/build/Release/CMakeFiles/CMakeTmp/src.cxx"
Linking CXX executable cmTC_85622
/usr/bin/cmake -E cmake_link_script CMakeFiles/cmTC_85622.dir/link.txt --verbose=1
/usr/bin/g++    -Wall  -Wextra -DHAVE_CXX_FLAG_WSHADOW  -Wshadow    CMakeFiles/cmTC_85622.dir/src.cxx.o  -o cmTC_85622 
make[1]: Leaving directory '/home/darisishe/Рабочий стол/contest/build/Release/CMakeFiles/CMakeTmp'


Source file was:
int main() { return 0; }
Performing C++ SOURCE FILE Test HAVE_CXX_FLAG_WFLOAT_EQUAL succeeded with the following output:
Change Dir: /home/darisishe/Рабочий стол/contest/build/Release/CMakeFiles/CMakeTmp

Run Build Command(s):/usr/bin/make cmTC_0b203/fast && /usr/bin/make -f CMakeFiles/cmTC_0b203.dir/build.make CMakeFiles/cmTC_0b203.dir/build
make[1]: Entering directory '/home/darisishe/Рабочий стол/contest/build/Release/CMakeFiles/CMakeTmp'
Building CXX object CMakeFiles/cmTC_0b203.dir/src.cxx.o
/usr/bin/g++    -Wall  -Wextra  -Wshadow -DHAVE_CXX_FLAG_WFLOAT_EQUAL  -Wfloat-equal   -Wfloat-equal -std=c++11 -o CMakeFiles/cmTC_0b203.dir/src.cxx.o -c "/home/darisishe/Рабочий стол/contest/build/Release/CMakeFiles/CMakeTmp/src.cxx"
Linking CXX executable cmTC_0b203
/usr/bin/cmake -E cmake_link_script CMakeFiles/cmTC_0b203.dir/link.txt --verbose=1
/usr/bin/g++    -Wall  -Wextra  -Wshadow -DHAVE_CXX_FLAG_WFLOAT_EQUAL  -Wfloat-equal    CMakeFiles/cmTC_0b203.dir/src.cxx.o  -o cmTC_0b203 
make[1]: Leaving directory '/home/darisishe/Рабочий стол/contest/build/Release/CMakeFiles/CMakeTmp'


Source file was:
int main() { return 0; }
Performing C++ SOURCE FILE Test HAVE_CXX_FLAG_WOLD_STYLE_CAST succeeded with the following output:
Change Dir: /home/darisishe/Рабочий стол/contest/build/Release/CMakeFiles/CMakeTmp

Run Build Command(s):/usr/bin/make cmTC_1c3cd/fast && /usr/bin/make -f CMakeFiles/cmTC_1c3cd.dir/build.make CMakeFiles/cmTC_1c3cd.dir/build
make[1]: Entering directory '/home/darisishe/Рабочий стол/contest/build/Release/CMakeFiles/CMakeTmp'
Building CXX object CMakeFiles/cmTC_1c3cd.dir/src.cxx.o
/usr/bin/g++    -Wall  -Wextra  -Wshadow  -Wfloat-equal -DHAVE_CXX_FLAG_WOLD_STYLE_CAST  -Wold-style-cast   -Wold-style-cast -std=c++11 -o CMakeFiles/cmTC_1c3cd.dir/src.cxx.o -c "/home/darisishe/Рабочий стол/contest/build/Release/CMakeFiles/CMakeTmp/src.cxx"
Linking CXX executable cmTC_1c3cd
/usr/bin/cmake -E cmake_link_script CMakeFiles/cmTC_1c3cd.dir/link.txt --verbose=1
/usr/bin/g++    -Wall  -Wextra  -Wshadow  -Wfloat-equal -DHAVE_CXX_FLAG_WOLD_STYLE_CAST  -Wold-style-cast    CMakeFiles/cmTC_1c3cd.dir/src.cxx.o  -o cmTC_1c3cd 
make[1]: Leaving directory '/home/darisishe/Рабочий стол/contest/build/Release/CMakeFiles/CMakeTmp'


Source file was:
int main() { return 0; }
Performing C++ SOURCE FILE Test HAVE_CXX_FLAG_WERROR succeeded with the following output:
Change Dir: /home/darisishe/Рабочий стол/contest/build/Release/CMakeFiles/CMakeTmp

Run Build Command(s):/usr/bin/make cmTC_53a1b/fast && /usr/bin/make -f CMakeFiles/cmTC_53a1b.dir/build.make CMakeFiles/cmTC_53a1b.dir/build
make[1]: Entering directory '/home/darisishe/Рабочий стол/contest/build/Release/CMakeFiles/CMakeTmp'
Building CXX object CMakeFiles/cmTC_53a1b.dir/src.cxx.o
/usr/bin/g++    -Wall  -Wextra  -Wshadow  -Wfloat-equal  -Wold-style-cast -DHAVE_CXX_FLAG_WERROR  -Werror   -Werror -std=c++11 -o CMakeFiles/cmTC_53a1b.dir/src.cxx.o -c "/home/darisishe/Рабочий стол/contest/build/Release/CMakeFiles/CMakeTmp/src.cxx"
Linking CXX executable cmTC_53a1b
/usr/bin/cmake -E cmake_link_script CMakeFiles/cmTC_53a1b.dir/link.txt --verbose=1
/usr/bin/g++    -Wall  -Wextra  -Wshadow  -Wfloat-equal  -Wold-style-cast -DHAVE_CXX_FLAG_WERROR  -Werror    CMakeFiles/cmTC_53a1b.dir/src.cxx.o  -o cmTC_53a1b 
make[1]: Leaving directory '/home/darisishe/Рабочий стол/contest/build/Release/CMakeFiles/CMakeTmp'


Source file was:
int main() { return 0; }
Performing C++ SOURCE FILE Test HAVE_CXX_FLAG_PEDANTIC succeeded with the following output:
Change Dir: /home/darisishe/Рабочий стол/contest/build/Release/CMakeFiles/CMakeTmp

Run Build Command(s):/usr/bin/make cmTC_a01d5/fast && /usr/bin/make -f CMakeFiles/cmTC_a01d5.dir/build.make CMakeFiles/cmTC_a01d5.dir/build
make[1]: Entering directory '/home/darisishe/Рабочий стол/contest/build/Release/CMakeFiles/CMakeTmp'
Building CXX object CMakeFiles/cmTC_a01d5.dir/src.cxx.o
/usr/bin/g++    -Wall  -Wextra  -Wshadow  -Wfloat-equal  -Wold-style-cast  -Werror -DHAVE_CXX_FLAG_PEDANTIC  -pedantic   -pedantic -std=c++11 -o CMakeFiles/cmTC_a01d5.dir/src.cxx.o -c "/home/darisishe/Рабочий стол/contest/build/Release/CMakeFiles/CMakeTmp/src.cxx"
Linking CXX executable cmTC_a01d5
/usr/bin/cmake -E cmake_link_script CMakeFiles/cmTC_a01d5.dir/link.txt --verbose=1
/usr/bin/g++    -Wall  -Wextra  -Wshadow  -Wfloat-equal  -Wold-style-cast  -Werror -DHAVE_CXX_FLAG_PEDANTIC  -pedantic    CMakeFiles/cmTC_a01d5.dir/src.cxx.o  -o cmTC_a01d5 
make[1]: Leaving directory '/home/darisishe/Рабочий стол/contest/build/Release/CMakeFiles/CMakeTmp'


Source file was:
int main() { return 0; }
Performing C++ SOURCE FILE Test HAVE_CXX_FLAG_PEDANTIC_ERRORS succeeded with the following output:
Change Dir: /home/darisishe/Рабочий стол/contest/build/Release/CMakeFiles/CMakeTmp

Run Build Command(s):/usr/bin/make cmTC_10317/fast && /usr/bin/make -f CMakeFiles/cmTC_10317.dir/build.make CMakeFiles/cmTC_10317.dir/build
make[1]: Entering directory '/home/darisishe/Рабочий стол/contest/build/Release/CMakeFiles/CMakeTmp'
Building CXX object CMakeFiles/cmTC_10317.dir/src.cxx.o
/usr/bin/g++    -Wall  -Wextra  -Wshadow  -Wfloat-equal  -Wold-style-cast  -Werror  -pedantic -DHAVE_CXX_FLAG_PEDANTIC_ERRORS  -pedantic-errors   -pedantic-errors -std=c++11 -o CMakeFiles/cmTC_10317.dir/src.cxx.o -c "/home/darisishe/Рабочий стол/contest/build/Release/CMakeFiles/CMakeTmp/src.cxx"
Linking CXX executable cmTC_10317
/usr/bin/cmake -E cmake_link_script CMakeFiles/cmTC_10317.dir/link.txt --verbose=1
/usr/bin/g++    -Wall  -Wextra  -Wshadow  -Wfloat-equal  -Wold-style-cast  -Werror  -pedantic -DHAVE_CXX_FLAG_PEDANTIC_ERRORS  -pedantic-errors    CMakeFiles/cmTC_10317.dir/src.cxx.o  -o cmTC_10317 
make[1]: Leaving directory '/home/darisishe/Рабочий стол/contest/build/Release/CMakeFiles/CMakeTmp'


Source file was:
int main() { return 0; }
Performing C++ SOURCE FILE Test HAVE_CXX_FLAG_FSTRICT_ALIASING succeeded with the following output:
Change Dir: /home/darisishe/Рабочий стол/contest/build/Release/CMakeFiles/CMakeTmp

Run Build Command(s):/usr/bin/make cmTC_391d1/fast && /usr/bin/make -f CMakeFiles/cmTC_391d1.dir/build.make CMakeFiles/cmTC_391d1.dir/build
make[1]: Entering directory '/home/darisishe/Рабочий стол/contest/build/Release/CMakeFiles/CMakeTmp'
Building CXX object CMakeFiles/cmTC_391d1.dir/src.cxx.o
/usr/bin/g++    -Wall  -Wextra  -Wshadow  -Wfloat-equal  -Wold-style-cast  -Werror  -pedantic  -pedantic-errors -DHAVE_CXX_FLAG_FSTRICT_ALIASING  -fstrict-aliasing   -fstrict-aliasing -std=c++11 -o CMakeFiles/cmTC_391d1.dir/src.cxx.o -c "/home/darisishe/Рабочий стол/contest/build/Release/CMakeFiles/CMakeTmp/src.cxx"
Linking CXX executable cmTC_391d1
/usr/bin/cmake -E cmake_link_script CMakeFiles/cmTC_391d1.dir/link.txt --verbose=1
/usr/bin/g++    -Wall  -Wextra  -Wshadow  -Wfloat-equal  -Wold-style-cast  -Werror  -pedantic  -pedantic-errors -DHAVE_CXX_FLAG_FSTRICT_ALIASING  -fstrict-aliasing    CMakeFiles/cmTC_391d1.dir/src.cxx.o  -o cmTC_391d1 
make[1]: Leaving directory '/home/darisishe/Рабочий стол/contest/build/Release/CMakeFiles/CMakeTmp'


Source file was:
int main() { return 0; }
Performing C++ SOURCE FILE Test HAVE_CXX_FLAG_WNO_DEPRECATED_DECLARATIONS succeeded with the following output:
Change Dir: /home/darisishe/Рабочий стол/contest/build/Release/CMakeFiles/CMakeTmp

Run Build Command(s):/usr/bin/make cmTC_bc3e3/fast && /usr/bin/make -f CMakeFiles/cmTC_bc3e3.dir/build.make CMakeFiles/cmTC_bc3e3.dir/build
make[1]: Entering directory '/home/darisishe/Рабочий стол/contest/build/Release/CMakeFiles/CMakeTmp'
Building CXX object CMakeFiles/cmTC_bc3e3.dir/src.cxx.o
/usr/bin/g++    -Wall  -Wextra  -Wshadow  -Wfloat-equal  -Wold-style-cast  -Werror  -pedantic  -pedantic-errors  -fstrict-aliasing -DHAVE_CXX_FLAG_WNO_DEPRECATED_DECLARATIONS  -Wno-deprecated-declarations   -Wno-deprecated-declarations -std=c++11 -o CMakeFiles/cmTC_bc3e3.dir/src.cxx.o -c "/home/darisishe/Рабочий стол/contest/build/Release/CMakeFiles/CMakeTmp/src.cxx"
Linking CXX executable cmTC_bc3e3
/usr/bin/cmake -E cmake_link_script CMakeFiles/cmTC_bc3e3.dir/link.txt --verbose=1
/usr/bin/g++    -Wall  -Wextra  -Wshadow  -Wfloat-equal  -Wold-style-cast  -Werror  -pedantic  -pedantic-errors  -fstrict-aliasing -DHAVE_CXX_FLAG_WNO_DEPRECATED_DECLARATIONS  -Wno-deprecated-declarations    CMakeFiles/cmTC_bc3e3.dir/src.cxx.o  -o cmTC_bc3e3 
make[1]: Leaving directory '/home/darisishe/Рабочий стол/contest/build/Release/CMakeFiles/CMakeTmp'


Source file was:
int main() { return 0; }
Performing C++ SOURCE FILE Test HAVE_CXX_FLAG_WNO_DEPRECATED succeeded with the following output:
Change Dir: /home/darisishe/Рабочий стол/contest/build/Release/CMakeFiles/CMakeTmp

Run Build Command(s):/usr/bin/make cmTC_b99cb/fast && /usr/bin/make -f CMakeFiles/cmTC_b99cb.dir/build.make CMakeFiles/cmTC_b99cb.dir/build
make[1]: Entering directory '/home/darisishe/Рабочий стол/contest/build/Release/CMakeFiles/CMakeTmp'
Building CXX object CMakeFiles/cmTC_b99cb.dir/src.cxx.o
/usr/bin/g++    -Wall  -Wextra  -Wshadow  -Wfloat-equal  -Wold-style-cast  -Werror  -pedantic  -pedantic-errors  -fstrict-aliasing  -Wno-deprecated-declarations -DHAVE_CXX_FLAG_WNO_DEPRECATED  -Wno-deprecated   -Wno-deprecated -std=c++11 -o CMakeFiles/cmTC_b99cb.dir/src.cxx.o -c "/home/darisishe/Рабочий стол/contest/build/Release/CMakeFiles/CMakeTmp/src.cxx"
Linking CXX executable cmTC_b99cb
/usr/bin/cmake -E cmake_link_script CMakeFiles/cmTC_b99cb.dir/link.txt --verbose=1
/usr/bin/g++    -Wall  -Wextra  -Wshadow  -Wfloat-equal  -Wold-style-cast  -Werror  -pedantic  -pedantic-errors  -fstrict-aliasing  -Wno-deprecated-declarations -DHAVE_CXX_FLAG_WNO_DEPRECATED  -Wno-deprecated    CMakeFiles/cmTC_b99cb.dir/src.cxx.o  -o cmTC_b99cb 
make[1]: Leaving directory '/home/darisishe/Рабочий стол/contest/build/Release/CMakeFiles/CMakeTmp'


Source file was:
int main() { return 0; }
Performing C++ SOURCE FILE Test HAVE_CXX_FLAG_WSTRICT_ALIASING succeeded with the following output:
Change Dir: /home/darisishe/Рабочий стол/contest/build/Release/CMakeFiles/CMakeTmp

Run Build Command(s):/usr/bin/make cmTC_03c19/fast && /usr/bin/make -f CMakeFiles/cmTC_03c19.dir/build.make CMakeFiles/cmTC_03c19.dir/build
make[1]: Entering directory '/home/darisishe/Рабочий стол/contest/build/Release/CMakeFiles/CMakeTmp'
Building CXX object CMakeFiles/cmTC_03c19.dir/src.cxx.o
/usr/bin/g++    -Wall  -Wextra  -Wshadow  -Wfloat-equal  -Wold-style-cast  -Werror  -pedantic  -pedantic-errors  -fstrict-aliasing  -Wno-deprecated-declarations  -Wno-deprecated -DHAVE_CXX_FLAG_WSTRICT_ALIASING  -Wstrict-aliasing   -Wstrict-aliasing -std=c++11 -o CMakeFiles/cmTC_03c19.dir/src.cxx.o -c "/home/darisishe/Рабочий стол/contest/build/Release/CMakeFiles/CMakeTmp/src.cxx"
Linking CXX executable cmTC_03c19
/usr/bin/cmake -E cmake_link_script CMakeFiles/cmTC_03c19.dir/link.txt --verbose=1
/usr/bin/g++    -Wall  -Wextra  -Wshadow  -Wfloat-equal  -Wold-style-cast  -Werror  -pedantic  -pedantic-errors  -fstrict-aliasing  -Wno-deprecated-declarations  -Wno-deprecated -DHAVE_CXX_FLAG_WSTRICT_ALIASING  -Wstrict-aliasing    CMakeFiles/cmTC_03c19.dir/src.cxx.o  -o cmTC_03c19 
make[1]: Leaving directory '/home/darisishe/Рабочий стол/contest/build/Release/CMakeFiles/CMakeTmp'


Source file was:
int main() { return 0; }
Performing C++ SOURCE FILE Test HAVE_CXX_FLAG_COVERAGE succeeded with the following output:
Change Dir: /home/darisishe/Рабочий стол/contest/build/Release/CMakeFiles/CMakeTmp

Run Build Command(s):/usr/bin/make cmTC_5a396/fast && /usr/bin/make -f CMakeFiles/cmTC_5a396.dir/build.make CMakeFiles/cmTC_5a396.dir/build
make[1]: Entering directory '/home/darisishe/Рабочий стол/contest/build/Release/CMakeFiles/CMakeTmp'
Building CXX object CMakeFiles/cmTC_5a396.dir/src.cxx.o
/usr/bin/g++    -Wall  -Wextra  -Wshadow  -Wfloat-equal  -Wold-style-cast  -Werror  -pedantic  -pedantic-errors  -fstrict-aliasing  -Wno-deprecated-declarations  -Wno-deprecated  -Wstrict-aliasing -DHAVE_CXX_FLAG_COVERAGE  --coverage   --coverage -std=c++11 -o CMakeFiles/cmTC_5a396.dir/src.cxx.o -c "/home/darisishe/Рабочий стол/contest/build/Release/CMakeFiles/CMakeTmp/src.cxx"
Linking CXX executable cmTC_5a396
/usr/bin/cmake -E cmake_link_script CMakeFiles/cmTC_5a396.dir/link.txt --verbose=1
/usr/bin/g++    -Wall  -Wextra  -Wshadow  -Wfloat-equal  -Wold-style-cast  -Werror  -pedantic  -pedantic-errors  -fstrict-aliasing  -Wno-deprecated-declarations  -Wno-deprecated  -Wstrict-aliasing -DHAVE_CXX_FLAG_COVERAGE  --coverage    CMakeFiles/cmTC_5a396.dir/src.cxx.o  -o cmTC_5a396 
make[1]: Leaving directory '/home/darisishe/Рабочий стол/contest/build/Release/CMakeFiles/CMakeTmp'


Source file was:
int main() { return 0; }
Performing C++ SOURCE FILE Test BENCHMARK_HAS_O3_FLAG succeeded with the following output:
Change Dir: /home/darisishe/Рабочий стол/contest/build/Release/CMakeFiles/CMakeTmp

Run Build Command(s):/usr/bin/make cmTC_6460e/fast && /usr/bin/make -f CMakeFiles/cmTC_6460e.dir/build.make CMakeFiles/cmTC_6460e.dir/build
make[1]: Entering directory '/home/darisishe/Рабочий стол/contest/build/Release/CMakeFiles/CMakeTmp'
Building CXX object CMakeFiles/cmTC_6460e.dir/src.cxx.o
/usr/bin/g++    -Wall  -Wextra  -Wshadow  -Wfloat-equal  -Wold-style-cast  -Werror  -pedantic  -pedantic-errors  -fstrict-aliasing  -Wno-deprecated-declarations  -Wno-deprecated  -Wstrict-aliasing -DBENCHMARK_HAS_O3_FLAG   -O3 -std=c++11 -o CMakeFiles/cmTC_6460e.dir/src.cxx.o -c "/home/darisishe/Рабочий стол/contest/build/Release/CMakeFiles/CMakeTmp/src.cxx"
Linking CXX executable cmTC_6460e
/usr/bin/cmake -E cmake_link_script CMakeFiles/cmTC_6460e.dir/link.txt --verbose=1
/usr/bin/g++    -Wall  -Wextra  -Wshadow  -Wfloat-equal  -Wold-style-cast  -Werror  -pedantic  -pedantic-errors  -fstrict-aliasing  -Wno-deprecated-declarations  -Wno-deprecated  -Wstrict-aliasing -DBENCHMARK_HAS_O3_FLAG    CMakeFiles/cmTC_6460e.dir/src.cxx.o  -o cmTC_6460e 
make[1]: Leaving directory '/home/darisishe/Рабочий стол/contest/build/Release/CMakeFiles/CMakeTmp'


Source file was:
int main() { return 0; }
Performing C++ SOURCE FILE Test BENCHMARK_HAS_DEPRECATED_DECLARATIONS_FLAG succeeded with the following output:
Change Dir: /home/darisishe/Рабочий стол/contest/build/Release/CMakeFiles/CMakeTmp

Run Build Command(s):/usr/bin/make cmTC_7297d/fast && /usr/bin/make -f CMakeFiles/cmTC_7297d.dir/build.make CMakeFiles/cmTC_7297d.dir/build
make[1]: Entering directory '/home/darisishe/Рабочий стол/contest/build/Release/CMakeFiles/CMakeTmp'
Building CXX object CMakeFiles/cmTC_7297d.dir/src.cxx.o
/usr/bin/g++    -Wall  -Wextra  -Wshadow  -Wfloat-equal  -Wold-style-cast  -Werror  -pedantic  -pedantic-errors  -fstrict-aliasing  -Wno-deprecated-declarations  -Wno-deprecated  -Wstrict-aliasing -DBENCHMARK_HAS_DEPRECATED_DECLARATIONS_FLAG   -Werror=deprecated-declarations -std=c++11 -o CMakeFiles/cmTC_7297d.dir/src.cxx.o -c "/home/darisishe/Рабочий стол/contest/build/Release/CMakeFiles/CMakeTmp/src.cxx"
Linking CXX executable cmTC_7297d
/usr/bin/cmake -E cmake_link_script CMakeFiles/cmTC_7297d.dir/link.txt --verbose=1
/usr/bin/g++    -Wall  -Wextra  -Wshadow  -Wfloat-equal  -Wold-style-cast  -Werror  -pedantic  -pedantic-errors  -fstrict-aliasing  -Wno-deprecated-declarations  -Wno-deprecated  -Wstrict-aliasing -DBENCHMARK_HAS_DEPRECATED_DECLARATIONS_FLAG    CMakeFiles/cmTC_7297d.dir/src.cxx.o  -o cmTC_7297d 
make[1]: Leaving directory '/home/darisishe/Рабочий стол/contest/build/Release/CMakeFiles/CMakeTmp'


Source file was:
int main() { return 0; }
Performing C++ SOURCE FILE Test BENCHMARK_HAS_WNO_ODR succeeded with the following output:
Change Dir: /home/darisishe/Рабочий стол/contest/build/Release/CMakeFiles/CMakeTmp

Run Build Command(s):/usr/bin/make cmTC_d036a/fast && /usr/bin/make -f CMakeFiles/cmTC_d036a.dir/build.make CMakeFiles/cmTC_d036a.dir/build
make[1]: Entering directory '/home/darisishe/Рабочий стол/contest/build/Release/CMakeFiles/CMakeTmp'
Building CXX object CMakeFiles/cmTC_d036a.dir/src.cxx.o
/usr/bin/g++    -Wall  -Wextra  -Wshadow  -Wfloat-equal  -Wold-style-cast  -Werror  -pedantic  -pedantic-errors  -fstrict-aliasing  -Wno-deprecated-declarations  -Wno-deprecated  -Wstrict-aliasing -DBENCHMARK_HAS_WNO_ODR   -Wno-odr -std=c++11 -o CMakeFiles/cmTC_d036a.dir/src.cxx.o -c "/home/darisishe/Рабочий стол/contest/build/Release/CMakeFiles/CMakeTmp/src.cxx"
Linking CXX executable cmTC_d036a
/usr/bin/cmake -E cmake_link_script CMakeFiles/cmTC_d036a.dir/link.txt --verbose=1
/usr/bin/g++    -Wall  -Wextra  -Wshadow  -Wfloat-equal  -Wold-style-cast  -Werror  -pedantic  -pedantic-errors  -fstrict-aliasing  -Wno-deprecated-declarations  -Wno-deprecated  -Wstrict-aliasing -DBENCHMARK_HAS_WNO_ODR    CMakeFiles/cmTC_d036a.dir/src.cxx.o  -o cmTC_d036a 
make[1]: Leaving directory '/home/darisishe/Рабочий стол/contest/build/Release/CMakeFiles/CMakeTmp'


Source file was:
int main() { return 0; }
Performing C++ SOURCE FILE Test BENCHMARK_HAS_WNO_LTO_TYPE_MISMATCH succeeded with the following output:
Change Dir: /home/darisishe/Рабочий стол/contest/build/Release/CMakeFiles/CMakeTmp

Run Build Command(s):/usr/bin/make cmTC_6c33c/fast && /usr/bin/make -f CMakeFiles/cmTC_6c33c.dir/build.make CMakeFiles/cmTC_6c33c.dir/build
make[1]: Entering directory '/home/darisishe/Рабочий стол/contest/build/Release/CMakeFiles/CMakeTmp'
Building CXX object CMakeFiles/cmTC_6c33c.dir/src.cxx.o
/usr/bin/g++    -Wall  -Wextra  -Wshadow  -Wfloat-equal  -Wold-style-cast  -Werror  -pedantic  -pedantic-errors  -fstrict-aliasing  -Wno-deprecated-declarations  -Wno-deprecated  -Wstrict-aliasing -DBENCHMARK_HAS_WNO_LTO_TYPE_MISMATCH   -Wno-lto-type-mismatch -std=c++11 -o CMakeFiles/cmTC_6c33c.dir/src.cxx.o -c "/home/darisishe/Рабочий стол/contest/build/Release/CMakeFiles/CMakeTmp/src.cxx"
Linking CXX executable cmTC_6c33c
/usr/bin/cmake -E cmake_link_script CMakeFiles/cmTC_6c33c.dir/link.txt --verbose=1
/usr/bin/g++    -Wall  -Wextra  -Wshadow  -Wfloat-equal  -Wold-style-cast  -Werror  -pedantic  -pedantic-errors  -fstrict-aliasing  -Wno-deprecated-declarations  -Wno-deprecated  -Wstrict-aliasing -DBENCHMARK_HAS_WNO_LTO_TYPE_MISMATCH    CMakeFiles/cmTC_6c33c.dir/src.cxx.o  -o cmTC_6c33c 
make[1]: Leaving directory '/home/darisishe/Рабочий стол/contest/build/Release/CMakeFiles/CMakeTmp'


Source file was:
int main() { return 0; }
